#
# There is insufficient memory for the Java Runtime Environment to continue.
# Native memory allocation (malloc) failed to allocate 2659904 bytes. Error detail: Chunk::new
# Possible reasons:
#   The system is out of physical RAM or swap space
#   This process is running with CompressedOops enabled, and the Java Heap may be blocking the growth of the native heap
# Possible solutions:
#   Reduce memory load on the system
#   Increase physical memory or swap space
#   Check if swap backing store is full
#   Decrease Java heap size (-Xmx/-Xms)
#   Decrease number of Java threads
#   Decrease Java thread stack sizes (-Xss)
#   Set larger code cache with -XX:ReservedCodeCacheSize=
#   JVM is running with Unscaled Compressed Oops mode in which the Java heap is
#     placed in the first 4GB address space. The Java Heap base address is the
#     maximum limit for the native heap growth. Please use -XX:HeapBaseMinAddress
#     to set the Java Heap base and to place the Java Heap above 4GB virtual address.
# This output file may be truncated or incomplete.
#
#  Out of Memory Error (arena.cpp:191), pid=12856, tid=14920
#
# JRE version: OpenJDK Runtime Environment Temurin-17.0.13+11 (17.0.13+11) (build 17.0.13+11)
# Java VM: OpenJDK 64-Bit Server VM Temurin-17.0.13+11 (17.0.13+11, mixed mode, tiered, compressed oops, compressed class ptrs, parallel gc, windows-amd64)
# No core dump will be written. Minidumps are not enabled by default on client versions of Windows
#

---------------  S U M M A R Y ------------

Command Line: --add-modules=ALL-SYSTEM --add-opens=java.base/java.util=ALL-UNNAMED --add-opens=java.base/java.lang=ALL-UNNAMED --add-opens=java.base/sun.nio.fs=ALL-UNNAMED -Declipse.application=org.eclipse.jdt.ls.core.id1 -Dosgi.bundles.defaultStartLevel=4 -Declipse.product=org.eclipse.jdt.ls.core.product -Djava.import.generatesMetadataFilesAtProjectRoot=false -DDetectVMInstallationsJob.disabled=true -Dfile.encoding=utf8 -XX:+UseParallelGC -XX:GCTimeRatio=4 -XX:AdaptiveSizePolicyWeight=90 -Dsun.zip.disableMemoryMapping=true -Xmx1G -Xms100m -Xlog:disable -javaagent:c:\Users\KAMIL\.vscode\extensions\redhat.java-1.38.0-win32-x64\lombok\lombok-1.18.34.jar c:\Users\KAMIL\.vscode\extensions\redhat.java-1.38.0-win32-x64\server\plugins\org.eclipse.equinox.launcher_1.6.900.v20240613-2009.jar -configuration c:\Users\KAMIL\AppData\Roaming\Code\User\globalStorage\redhat.java\1.38.0\config_ss_win -data c:\Users\KAMIL\AppData\Roaming\Code\User\workspaceStorage\32f65c5b94713481a596c80e9b21fd46\redhat.java\ss_ws --pipe=\\.\pipe\lsp-b041dcc3fb93819a3ef88db44fb684cc-sock

Host: Intel(R) Core(TM) i5-1035G1 CPU @ 1.00GHz, 8 cores, 3G,  Windows 11 , 64 bit Build 22621 (10.0.22621.4391)
Time: Mon Dec 23 23:14:23 2024 SE Asia Standard Time elapsed time: 47.051540 seconds (0d 0h 0m 47s)

---------------  T H R E A D  ---------------

Current thread (0x000001a1fdb22fb0):  JavaThread "C2 CompilerThread0" daemon [_thread_in_native, id=14920, stack(0x0000009473800000,0x0000009473900000)]


Current CompileTask:
C2:  47051 5306   !   4       org.eclipse.osgi.internal.loader.classpath.ClasspathManager::findLocalClass (210 bytes)

Stack: [0x0000009473800000,0x0000009473900000]
Native frames: (J=compiled Java code, j=interpreted, Vv=VM code, C=native code)
V  [jvm.dll+0x682a19]
V  [jvm.dll+0x839538]
V  [jvm.dll+0x83afe3]
V  [jvm.dll+0x83b653]
V  [jvm.dll+0x24704f]
V  [jvm.dll+0xace34]
V  [jvm.dll+0xad4cc]
V  [jvm.dll+0x36597e]
V  [jvm.dll+0x1ba989]
V  [jvm.dll+0x2181a7]
V  [jvm.dll+0x21748f]
V  [jvm.dll+0x1a3070]
V  [jvm.dll+0x22788c]
V  [jvm.dll+0x2259eb]
V  [jvm.dll+0x7eec98]
V  [jvm.dll+0x7e8ffc]
V  [jvm.dll+0x6818f7]
C  [ucrtbase.dll+0x29333]
C  [KERNEL32.DLL+0x1259d]
C  [ntdll.dll+0x5af38]


---------------  P R O C E S S  ---------------

Threads class SMR info:
_java_thread_list=0x000001a180481910, length=38, elements={
0x000001a1e4ba9aa0, 0x000001a1f8a27020, 0x000001a1f8a28510, 0x000001a1fdb19f20,
0x000001a1fdb1a9f0, 0x000001a1fdb1d2d0, 0x000001a1fdb1dba0, 0x000001a1fdb22fb0,
0x000001a1fdb24fa0, 0x000001a1fdb28840, 0x000001a1e4c0c8b0, 0x000001a1fdea9ac0,
0x000001a1ff11e840, 0x000001a1ff341010, 0x000001a1ff3414f0, 0x000001a1fdc75c70,
0x000001a1ff3cf9b0, 0x000001a1ff3cfec0, 0x000001a1ff3d03d0, 0x000001a1ff3d08e0,
0x000001a1ff3d0df0, 0x000001a1ff3d1300, 0x000001a1ff3ce570, 0x000001a1ff3d1810,
0x000001a1ff3cf4a0, 0x000001a1ff3ce060, 0x000001a1ff3cea80, 0x000001a1ff3cef90,
0x000001a180c87df0, 0x000001a180c88300, 0x000001a180c88810, 0x000001a180c873d0,
0x000001a180c85f90, 0x000001a180c864a0, 0x000001a180c85570, 0x000001a180c85a80,
0x000001a180f4f510, 0x000001a180787f60
}

Java Threads: ( => current thread )
  0x000001a1e4ba9aa0 JavaThread "main" [_thread_blocked, id=21276, stack(0x0000009472f00000,0x0000009473000000)]
  0x000001a1f8a27020 JavaThread "Reference Handler" daemon [_thread_blocked, id=7684, stack(0x0000009473200000,0x0000009473300000)]
  0x000001a1f8a28510 JavaThread "Finalizer" daemon [_thread_blocked, id=16444, stack(0x0000009473300000,0x0000009473400000)]
  0x000001a1fdb19f20 JavaThread "Signal Dispatcher" daemon [_thread_blocked, id=16240, stack(0x0000009473400000,0x0000009473500000)]
  0x000001a1fdb1a9f0 JavaThread "Attach Listener" daemon [_thread_blocked, id=4864, stack(0x0000009473500000,0x0000009473600000)]
  0x000001a1fdb1d2d0 JavaThread "Service Thread" daemon [_thread_blocked, id=19788, stack(0x0000009473600000,0x0000009473700000)]
  0x000001a1fdb1dba0 JavaThread "Monitor Deflation Thread" daemon [_thread_blocked, id=22320, stack(0x0000009473700000,0x0000009473800000)]
=>0x000001a1fdb22fb0 JavaThread "C2 CompilerThread0" daemon [_thread_in_native, id=14920, stack(0x0000009473800000,0x0000009473900000)]
  0x000001a1fdb24fa0 JavaThread "C1 CompilerThread0" daemon [_thread_blocked, id=18132, stack(0x0000009473900000,0x0000009473a00000)]
  0x000001a1fdb28840 JavaThread "Sweeper thread" daemon [_thread_blocked, id=19220, stack(0x0000009473a00000,0x0000009473b00000)]
  0x000001a1e4c0c8b0 JavaThread "Common-Cleaner" daemon [_thread_blocked, id=8512, stack(0x0000009473b00000,0x0000009473c00000)]
  0x000001a1fdea9ac0 JavaThread "Notification Thread" daemon [_thread_blocked, id=9880, stack(0x0000009473c00000,0x0000009473d00000)]
  0x000001a1ff11e840 JavaThread "Active Thread: Equinox Container: 074edab3-199c-4685-8df3-ef9bf9cafceb" [_thread_blocked, id=16808, stack(0x0000009474400000,0x0000009474500000)]
  0x000001a1ff341010 JavaThread "Framework Event Dispatcher: Equinox Container: 074edab3-199c-4685-8df3-ef9bf9cafceb" daemon [_thread_blocked, id=7584, stack(0x0000009474500000,0x0000009474600000)]
  0x000001a1ff3414f0 JavaThread "Start Level: Equinox Container: 074edab3-199c-4685-8df3-ef9bf9cafceb" daemon [_thread_blocked, id=12344, stack(0x0000009474600000,0x0000009474700000)]
  0x000001a1fdc75c70 JavaThread "SCR Component Actor" daemon [_thread_blocked, id=20272, stack(0x0000009474700000,0x0000009474800000)]
  0x000001a1ff3cf9b0 JavaThread "Worker-JM" [_thread_blocked, id=17236, stack(0x0000009474a00000,0x0000009474b00000)]
  0x000001a1ff3cfec0 JavaThread "Worker-0" [_thread_blocked, id=13368, stack(0x0000009474b00000,0x0000009474c00000)]
  0x000001a1ff3d03d0 JavaThread "Worker-1" [_thread_blocked, id=6568, stack(0x0000009474c00000,0x0000009474d00000)]
  0x000001a1ff3d08e0 JavaThread "Worker-2" [_thread_blocked, id=18868, stack(0x0000009474d00000,0x0000009474e00000)]
  0x000001a1ff3d0df0 JavaThread "JNA Cleaner" daemon [_thread_blocked, id=16072, stack(0x0000009474e00000,0x0000009474f00000)]
  0x000001a1ff3d1300 JavaThread "Thread-2" daemon [_thread_in_native, id=14536, stack(0x0000009474f00000,0x0000009475000000)]
  0x000001a1ff3ce570 JavaThread "Thread-3" daemon [_thread_in_native, id=4684, stack(0x0000009475000000,0x0000009475100000)]
  0x000001a1ff3d1810 JavaThread "Thread-4" daemon [_thread_in_native, id=16348, stack(0x0000009475100000,0x0000009475200000)]
  0x000001a1ff3cf4a0 JavaThread "Thread-5" daemon [_thread_in_native, id=14332, stack(0x0000009475200000,0x0000009475300000)]
  0x000001a1ff3ce060 JavaThread "Thread-6" daemon [_thread_in_native, id=4532, stack(0x0000009475300000,0x0000009475400000)]
  0x000001a1ff3cea80 JavaThread "Thread-7" daemon [_thread_in_native, id=2516, stack(0x0000009475400000,0x0000009475500000)]
  0x000001a1ff3cef90 JavaThread "Thread-8" daemon [_thread_in_native, id=5468, stack(0x0000009475500000,0x0000009475600000)]
  0x000001a180c87df0 JavaThread "Thread-9" daemon [_thread_in_native, id=13844, stack(0x0000009475600000,0x0000009475700000)]
  0x000001a180c88300 JavaThread "Thread-10" daemon [_thread_in_native, id=19408, stack(0x0000009475700000,0x0000009475800000)]
  0x000001a180c88810 JavaThread "pool-2-thread-1" [_thread_blocked, id=5364, stack(0x0000009475800000,0x0000009475900000)]
  0x000001a180c873d0 JavaThread "WorkspaceEventsHandler" [_thread_blocked, id=12588, stack(0x0000009475900000,0x0000009475a00000)]
  0x000001a180c85f90 JavaThread "pool-1-thread-1" [_thread_blocked, id=9800, stack(0x0000009475a00000,0x0000009475b00000)]
  0x000001a180c864a0 JavaThread "ForkJoinPool.commonPool-worker-1" daemon [_thread_blocked, id=9172, stack(0x0000009474900000,0x0000009474a00000)]
  0x000001a180c85570 JavaThread "ForkJoinPool.commonPool-worker-2" daemon [_thread_blocked, id=15192, stack(0x0000009475b00000,0x0000009475c00000)]
  0x000001a180c85a80 JavaThread "ForkJoinPool.commonPool-worker-3" daemon [_thread_blocked, id=17804, stack(0x0000009475c00000,0x0000009475d00000)]
  0x000001a180f4f510 JavaThread "C2 CompilerThread1" daemon [_thread_in_native, id=19168, stack(0x0000009475f00000,0x0000009476000000)]
  0x000001a180787f60 JavaThread "C2 CompilerThread2" daemon [_thread_in_native, id=13288, stack(0x0000009476000000,0x0000009476100000)]

Other Threads:
  0x000001a1e4c4ecb0 VMThread "VM Thread" [stack: 0x0000009473100000,0x0000009473200000] [id=5200]
  0x000001a1fde6f340 WatcherThread [stack: 0x0000009473d00000,0x0000009473e00000] [id=1152]
  0x000001a1e4bbef20 GCTaskThread "GC Thread#0" [stack: 0x0000009473000000,0x0000009473100000] [id=17720]
  0x000001a1801459f0 GCTaskThread "GC Thread#1" [stack: 0x0000009473e00000,0x0000009473f00000] [id=21552]
  0x000001a180145cb0 GCTaskThread "GC Thread#2" [stack: 0x0000009473f00000,0x0000009474000000] [id=3752]
  0x000001a180125420 GCTaskThread "GC Thread#3" [stack: 0x0000009474000000,0x0000009474100000] [id=17900]
  0x000001a1801256e0 GCTaskThread "GC Thread#4" [stack: 0x0000009474100000,0x0000009474200000] [id=9420]
  0x000001a1ff037960 GCTaskThread "GC Thread#5" [stack: 0x0000009474200000,0x0000009474300000] [id=1532]
  0x000001a1ff037c20 GCTaskThread "GC Thread#6" [stack: 0x0000009474300000,0x0000009474400000] [id=4708]
  0x000001a1fdc7b860 GCTaskThread "GC Thread#7" [stack: 0x0000009474800000,0x0000009474900000] [id=24052]

Threads with active compile tasks:
C2 CompilerThread0    47102 5306   !   4       org.eclipse.osgi.internal.loader.classpath.ClasspathManager::findLocalClass (210 bytes)
C2 CompilerThread1    47102 5326   !   4       org.eclipse.osgi.internal.loader.BundleLoader::findRequiredSource (283 bytes)
C2 CompilerThread2    47103 5336 %     4       org.lombokweb.asm.ClassReader::readCode @ 2186 (5117 bytes)

VM state: not at safepoint (normal execution)

VM Mutex/Monitor currently owned by a thread: None

Heap address: 0x00000000c0000000, size: 1024 MB, Compressed Oops mode: 32-bit

CDS archive(s) not mapped
Compressed class space mapped at: 0x0000000100000000-0x0000000140000000, reserved size: 1073741824
Narrow klass base: 0x0000000000000000, Narrow klass shift: 3, Narrow klass range: 0x140000000

GC Precious Log:
 CPUs: 8 total, 8 available
 Memory: 3836M
 Large Page Support: Disabled
 NUMA Support: Disabled
 Compressed Oops: Enabled (32-bit)
 Alignments: Space 512K, Generation 512K, Heap 2M
 Heap Min Capacity: 100M
 Heap Initial Capacity: 100M
 Heap Max Capacity: 1G
 Pre-touch: Disabled
 Parallel Workers: 8

Heap:
 PSYoungGen      total 23040K, used 20669K [0x00000000eab00000, 0x00000000ec600000, 0x0000000100000000)
  eden space 22016K, 89% used [0x00000000eab00000,0x00000000ebe37780,0x00000000ec080000)
  from space 1024K, 96% used [0x00000000ec500000,0x00000000ec5f8010,0x00000000ec600000)
  to   space 2560K, 0% used [0x00000000ec100000,0x00000000ec100000,0x00000000ec380000)
 ParOldGen       total 68608K, used 33001K [0x00000000c0000000, 0x00000000c4300000, 0x00000000eab00000)
  object space 68608K, 48% used [0x00000000c0000000,0x00000000c203a498,0x00000000c4300000)
 Metaspace       used 49950K, committed 50816K, reserved 1114112K
  class space    used 5077K, committed 5440K, reserved 1048576K

Card table byte_map: [0x000001a1e4540000,0x000001a1e4750000] _byte_map_base: 0x000001a1e3f40000

Marking Bits: (ParMarkBitMap*) 0x00007ffa85536940
 Begin Bits: [0x000001a1f6830000, 0x000001a1f7830000)
 End Bits:   [0x000001a1f7830000, 0x000001a1f8830000)

Polling page: 0x000001a1e2b80000

Metaspace:

Usage:
  Non-class:     43.82 MB used.
      Class:      4.96 MB used.
       Both:     48.78 MB used.

Virtual space:
  Non-class space:       64.00 MB reserved,      44.31 MB ( 69%) committed,  1 nodes.
      Class space:        1.00 GB reserved,       5.31 MB ( <1%) committed,  1 nodes.
             Both:        1.06 GB reserved,      49.62 MB (  5%) committed. 

Chunk freelists:
   Non-Class:  2.79 MB
       Class:  10.67 MB
        Both:  13.47 MB

MaxMetaspaceSize: unlimited
CompressedClassSpaceSize: 1.00 GB
Initial GC threshold: 21.00 MB
Current GC threshold: 58.38 MB
CDS: off
MetaspaceReclaimPolicy: balanced
 - commit_granule_bytes: 65536.
 - commit_granule_words: 8192.
 - virtual_space_node_default_size: 8388608.
 - enlarge_chunks_in_place: 1.
 - new_chunks_are_fully_committed: 0.
 - uncommit_free_chunks: 1.
 - use_allocation_guard: 0.
 - handle_deallocations: 1.


Internal statistics:

num_allocs_failed_limit: 6.
num_arena_births: 580.
num_arena_deaths: 14.
num_vsnodes_births: 2.
num_vsnodes_deaths: 0.
num_space_committed: 794.
num_space_uncommitted: 0.
num_chunks_returned_to_freelist: 20.
num_chunks_taken_from_freelist: 2393.
num_chunk_merges: 11.
num_chunk_splits: 1486.
num_chunks_enlarged: 906.
num_inconsistent_stats: 0.

CodeHeap 'non-profiled nmethods': size=120000Kb used=2524Kb max_used=2524Kb free=117475Kb
 bounds [0x000001a1ef300000, 0x000001a1ef580000, 0x000001a1f6830000]
CodeHeap 'profiled nmethods': size=120000Kb used=11328Kb max_used=11328Kb free=108671Kb
 bounds [0x000001a1e7830000, 0x000001a1e8350000, 0x000001a1eed60000]
CodeHeap 'non-nmethods': size=5760Kb used=1356Kb max_used=1407Kb free=4404Kb
 bounds [0x000001a1eed60000, 0x000001a1eefd0000, 0x000001a1ef300000]
 total_blobs=6019 nmethods=5331 adapters=601
 compilation: enabled
              stopped_count=0, restarted_count=0
 full_count=0

Compilation events (20 events):
Event: 46.179 Thread 0x000001a1fdb24fa0 nmethod 5330 0x000001a1e8336310 code [0x000001a1e83364e0, 0x000001a1e83367b8]
Event: 46.179 Thread 0x000001a1fdb24fa0 5332       3       java.lang.invoke.TypeConvertingMethodAdapter::<init> (8 bytes)
Event: 46.179 Thread 0x000001a1fdb24fa0 nmethod 5332 0x000001a1e8336890 code [0x000001a1e8336a20, 0x000001a1e8336b68]
Event: 46.181 Thread 0x000001a1fdb24fa0 5338       3       org.lombokweb.asm.MethodWriter::putMethodInfo (1274 bytes)
Event: 46.190 Thread 0x000001a1fdb24fa0 nmethod 5338 0x000001a1e8336c10 code [0x000001a1e83372a0, 0x000001a1e8339748]
Event: 46.192 Thread 0x000001a1fdb24fa0 5340   !   3       org.eclipse.core.filesystem.URIUtil::toURI (137 bytes)
Event: 46.195 Thread 0x000001a1fdb24fa0 nmethod 5340 0x000001a1e833aa10 code [0x000001a1e833ad60, 0x000001a1e833bec8]
Event: 46.196 Thread 0x000001a180787f60 5336 %     4       org.lombokweb.asm.ClassReader::readCode @ 2186 (5117 bytes)
Event: 46.321 Thread 0x000001a1fdb24fa0 5345       3       org.eclipse.core.internal.dtree.AbstractDataTreeNode::assembleWith (124 bytes)
Event: 46.324 Thread 0x000001a1fdb24fa0 nmethod 5345 0x000001a1e833c690 code [0x000001a1e833c900, 0x000001a1e833d568]
Event: 46.324 Thread 0x000001a1fdb24fa0 5346       3       org.eclipse.core.runtime.SubMonitor::consume (134 bytes)
Event: 46.325 Thread 0x000001a1fdb24fa0 nmethod 5346 0x000001a1e833da90 code [0x000001a1e833dc80, 0x000001a1e833e118]
Event: 46.330 Thread 0x000001a1fdb24fa0 5347       3       org.eclipse.core.filesystem.provider.FileInfo::set (11 bytes)
Event: 46.331 Thread 0x000001a1fdb24fa0 nmethod 5347 0x000001a1e833e210 code [0x000001a1e833e3a0, 0x000001a1e833e4b8]
Event: 46.404 Thread 0x000001a1fdb24fa0 5349       1       org.eclipse.core.internal.watson.ElementTree::getTreeData (5 bytes)
Event: 46.404 Thread 0x000001a1fdb24fa0 nmethod 5349 0x000001a1ef577010 code [0x000001a1ef5771a0, 0x000001a1ef577278]
Event: 46.409 Thread 0x000001a1fdb24fa0 5350       3       org.eclipse.core.internal.dtree.DeltaDataTree::getChildNodes (176 bytes)
Event: 46.412 Thread 0x000001a1fdb24fa0 nmethod 5350 0x000001a1e833e590 code [0x000001a1e833e860, 0x000001a1e833f8b8]
Event: 46.412 Thread 0x000001a1fdb24fa0 5351       3       org.eclipse.core.runtime.jobs.Job::getRule (5 bytes)
Event: 46.412 Thread 0x000001a1fdb24fa0 nmethod 5351 0x000001a1e833ff10 code [0x000001a1e83400a0, 0x000001a1e83401b8]

GC Heap History (20 events):
Event: 22.116 GC heap before
{Heap before GC invocations=15 (full 2):
 PSYoungGen      total 23552K, used 23537K [0x00000000eab00000, 0x00000000ecb00000, 0x0000000100000000)
  eden space 22528K, 100% used [0x00000000eab00000,0x00000000ec100000,0x00000000ec100000)
  from space 1024K, 98% used [0x00000000ec600000,0x00000000ec6fc410,0x00000000ec700000)
  to   space 5120K, 0% used [0x00000000ec100000,0x00000000ec100000,0x00000000ec600000)
 ParOldGen       total 68608K, used 16964K [0x00000000c0000000, 0x00000000c4300000, 0x00000000eab00000)
  object space 68608K, 24% used [0x00000000c0000000,0x00000000c10912b8,0x00000000c4300000)
 Metaspace       used 42005K, committed 42752K, reserved 1114112K
  class space    used 4334K, committed 4672K, reserved 1048576K
}
Event: 22.124 GC heap after
{Heap after GC invocations=15 (full 2):
 PSYoungGen      total 24064K, used 2018K [0x00000000eab00000, 0x00000000ec680000, 0x0000000100000000)
  eden space 22016K, 0% used [0x00000000eab00000,0x00000000eab00000,0x00000000ec080000)
  from space 2048K, 98% used [0x00000000ec100000,0x00000000ec2f8800,0x00000000ec300000)
  to   space 3072K, 0% used [0x00000000ec380000,0x00000000ec380000,0x00000000ec680000)
 ParOldGen       total 68608K, used 17924K [0x00000000c0000000, 0x00000000c4300000, 0x00000000eab00000)
  object space 68608K, 26% used [0x00000000c0000000,0x00000000c11812c8,0x00000000c4300000)
 Metaspace       used 42005K, committed 42752K, reserved 1114112K
  class space    used 4334K, committed 4672K, reserved 1048576K
}
Event: 22.433 GC heap before
{Heap before GC invocations=16 (full 2):
 PSYoungGen      total 24064K, used 24034K [0x00000000eab00000, 0x00000000ec680000, 0x0000000100000000)
  eden space 22016K, 100% used [0x00000000eab00000,0x00000000ec080000,0x00000000ec080000)
  from space 2048K, 98% used [0x00000000ec100000,0x00000000ec2f8800,0x00000000ec300000)
  to   space 3072K, 0% used [0x00000000ec380000,0x00000000ec380000,0x00000000ec680000)
 ParOldGen       total 68608K, used 17924K [0x00000000c0000000, 0x00000000c4300000, 0x00000000eab00000)
  object space 68608K, 26% used [0x00000000c0000000,0x00000000c11812c8,0x00000000c4300000)
 Metaspace       used 42419K, committed 43136K, reserved 1114112K
  class space    used 4348K, committed 4672K, reserved 1048576K
}
Event: 22.443 GC heap after
{Heap after GC invocations=16 (full 2):
 PSYoungGen      total 24576K, used 2112K [0x00000000eab00000, 0x00000000ec600000, 0x0000000100000000)
  eden space 22016K, 0% used [0x00000000eab00000,0x00000000eab00000,0x00000000ec080000)
  from space 2560K, 82% used [0x00000000ec380000,0x00000000ec590010,0x00000000ec600000)
  to   space 2560K, 0% used [0x00000000ec100000,0x00000000ec100000,0x00000000ec380000)
 ParOldGen       total 68608K, used 19780K [0x00000000c0000000, 0x00000000c4300000, 0x00000000eab00000)
  object space 68608K, 28% used [0x00000000c0000000,0x00000000c1351348,0x00000000c4300000)
 Metaspace       used 42419K, committed 43136K, reserved 1114112K
  class space    used 4348K, committed 4672K, reserved 1048576K
}
Event: 22.685 GC heap before
{Heap before GC invocations=17 (full 2):
 PSYoungGen      total 24576K, used 24128K [0x00000000eab00000, 0x00000000ec600000, 0x0000000100000000)
  eden space 22016K, 100% used [0x00000000eab00000,0x00000000ec080000,0x00000000ec080000)
  from space 2560K, 82% used [0x00000000ec380000,0x00000000ec590010,0x00000000ec600000)
  to   space 2560K, 0% used [0x00000000ec100000,0x00000000ec100000,0x00000000ec380000)
 ParOldGen       total 68608K, used 19780K [0x00000000c0000000, 0x00000000c4300000, 0x00000000eab00000)
  object space 68608K, 28% used [0x00000000c0000000,0x00000000c1351348,0x00000000c4300000)
 Metaspace       used 42472K, committed 43264K, reserved 1114112K
  class space    used 4353K, committed 4672K, reserved 1048576K
}
Event: 22.691 GC heap after
{Heap after GC invocations=17 (full 2):
 PSYoungGen      total 24064K, used 2048K [0x00000000eab00000, 0x00000000ec580000, 0x0000000100000000)
  eden space 22016K, 0% used [0x00000000eab00000,0x00000000eab00000,0x00000000ec080000)
  from space 2048K, 100% used [0x00000000ec100000,0x00000000ec300000,0x00000000ec300000)
  to   space 2560K, 0% used [0x00000000ec300000,0x00000000ec300000,0x00000000ec580000)
 ParOldGen       total 68608K, used 21729K [0x00000000c0000000, 0x00000000c4300000, 0x00000000eab00000)
  object space 68608K, 31% used [0x00000000c0000000,0x00000000c1538488,0x00000000c4300000)
 Metaspace       used 42472K, committed 43264K, reserved 1114112K
  class space    used 4353K, committed 4672K, reserved 1048576K
}
Event: 22.811 GC heap before
{Heap before GC invocations=18 (full 2):
 PSYoungGen      total 24064K, used 24064K [0x00000000eab00000, 0x00000000ec580000, 0x0000000100000000)
  eden space 22016K, 100% used [0x00000000eab00000,0x00000000ec080000,0x00000000ec080000)
  from space 2048K, 100% used [0x00000000ec100000,0x00000000ec300000,0x00000000ec300000)
  to   space 2560K, 0% used [0x00000000ec300000,0x00000000ec300000,0x00000000ec580000)
 ParOldGen       total 68608K, used 21729K [0x00000000c0000000, 0x00000000c4300000, 0x00000000eab00000)
  object space 68608K, 31% used [0x00000000c0000000,0x00000000c1538488,0x00000000c4300000)
 Metaspace       used 42564K, committed 43392K, reserved 1114112K
  class space    used 4369K, committed 4736K, reserved 1048576K
}
Event: 22.816 GC heap after
{Heap after GC invocations=18 (full 2):
 PSYoungGen      total 24576K, used 2148K [0x00000000eab00000, 0x00000000ec580000, 0x0000000100000000)
  eden space 22016K, 0% used [0x00000000eab00000,0x00000000eab00000,0x00000000ec080000)
  from space 2560K, 83% used [0x00000000ec300000,0x00000000ec519000,0x00000000ec580000)
  to   space 2560K, 0% used [0x00000000ec080000,0x00000000ec080000,0x00000000ec300000)
 ParOldGen       total 68608K, used 23586K [0x00000000c0000000, 0x00000000c4300000, 0x00000000eab00000)
  object space 68608K, 34% used [0x00000000c0000000,0x00000000c1708ae8,0x00000000c4300000)
 Metaspace       used 42564K, committed 43392K, reserved 1114112K
  class space    used 4369K, committed 4736K, reserved 1048576K
}
Event: 22.937 GC heap before
{Heap before GC invocations=19 (full 2):
 PSYoungGen      total 24576K, used 24164K [0x00000000eab00000, 0x00000000ec580000, 0x0000000100000000)
  eden space 22016K, 100% used [0x00000000eab00000,0x00000000ec080000,0x00000000ec080000)
  from space 2560K, 83% used [0x00000000ec300000,0x00000000ec519000,0x00000000ec580000)
  to   space 2560K, 0% used [0x00000000ec080000,0x00000000ec080000,0x00000000ec300000)
 ParOldGen       total 68608K, used 23586K [0x00000000c0000000, 0x00000000c4300000, 0x00000000eab00000)
  object space 68608K, 34% used [0x00000000c0000000,0x00000000c1708ae8,0x00000000c4300000)
 Metaspace       used 42600K, committed 43392K, reserved 1114112K
  class space    used 4385K, committed 4736K, reserved 1048576K
}
Event: 22.945 GC heap after
{Heap after GC invocations=19 (full 2):
 PSYoungGen      total 24064K, used 1984K [0x00000000eab00000, 0x00000000ec480000, 0x0000000100000000)
  eden space 22016K, 0% used [0x00000000eab00000,0x00000000eab00000,0x00000000ec080000)
  from space 2048K, 96% used [0x00000000ec080000,0x00000000ec270010,0x00000000ec280000)
  to   space 2048K, 0% used [0x00000000ec280000,0x00000000ec280000,0x00000000ec480000)
 ParOldGen       total 68608K, used 25622K [0x00000000c0000000, 0x00000000c4300000, 0x00000000eab00000)
  object space 68608K, 37% used [0x00000000c0000000,0x00000000c1905ae8,0x00000000c4300000)
 Metaspace       used 42600K, committed 43392K, reserved 1114112K
  class space    used 4385K, committed 4736K, reserved 1048576K
}
Event: 23.068 GC heap before
{Heap before GC invocations=20 (full 2):
 PSYoungGen      total 24064K, used 24000K [0x00000000eab00000, 0x00000000ec480000, 0x0000000100000000)
  eden space 22016K, 100% used [0x00000000eab00000,0x00000000ec080000,0x00000000ec080000)
  from space 2048K, 96% used [0x00000000ec080000,0x00000000ec270010,0x00000000ec280000)
  to   space 2048K, 0% used [0x00000000ec280000,0x00000000ec280000,0x00000000ec480000)
 ParOldGen       total 68608K, used 25622K [0x00000000c0000000, 0x00000000c4300000, 0x00000000eab00000)
  object space 68608K, 37% used [0x00000000c0000000,0x00000000c1905ae8,0x00000000c4300000)
 Metaspace       used 42648K, committed 43456K, reserved 1114112K
  class space    used 4400K, committed 4736K, reserved 1048576K
}
Event: 23.075 GC heap after
{Heap after GC invocations=20 (full 2):
 PSYoungGen      total 24064K, used 1944K [0x00000000eab00000, 0x00000000ec480000, 0x0000000100000000)
  eden space 22016K, 0% used [0x00000000eab00000,0x00000000eab00000,0x00000000ec080000)
  from space 2048K, 94% used [0x00000000ec280000,0x00000000ec466200,0x00000000ec480000)
  to   space 2048K, 0% used [0x00000000ec080000,0x00000000ec080000,0x00000000ec280000)
 ParOldGen       total 68608K, used 27526K [0x00000000c0000000, 0x00000000c4300000, 0x00000000eab00000)
  object space 68608K, 40% used [0x00000000c0000000,0x00000000c1ae1af8,0x00000000c4300000)
 Metaspace       used 42648K, committed 43456K, reserved 1114112K
  class space    used 4400K, committed 4736K, reserved 1048576K
}
Event: 24.093 GC heap before
{Heap before GC invocations=21 (full 2):
 PSYoungGen      total 24064K, used 23960K [0x00000000eab00000, 0x00000000ec480000, 0x0000000100000000)
  eden space 22016K, 100% used [0x00000000eab00000,0x00000000ec080000,0x00000000ec080000)
  from space 2048K, 94% used [0x00000000ec280000,0x00000000ec466200,0x00000000ec480000)
  to   space 2048K, 0% used [0x00000000ec080000,0x00000000ec080000,0x00000000ec280000)
 ParOldGen       total 68608K, used 27526K [0x00000000c0000000, 0x00000000c4300000, 0x00000000eab00000)
  object space 68608K, 40% used [0x00000000c0000000,0x00000000c1ae1af8,0x00000000c4300000)
 Metaspace       used 43984K, committed 44736K, reserved 1114112K
  class space    used 4504K, committed 4800K, reserved 1048576K
}
Event: 24.102 GC heap after
{Heap after GC invocations=21 (full 2):
 PSYoungGen      total 24064K, used 2048K [0x00000000eab00000, 0x00000000eca80000, 0x0000000100000000)
  eden space 22016K, 0% used [0x00000000eab00000,0x00000000eab00000,0x00000000ec080000)
  from space 2048K, 100% used [0x00000000ec080000,0x00000000ec280000,0x00000000ec280000)
  to   space 5120K, 0% used [0x00000000ec580000,0x00000000ec580000,0x00000000eca80000)
 ParOldGen       total 68608K, used 29871K [0x00000000c0000000, 0x00000000c4300000, 0x00000000eab00000)
  object space 68608K, 43% used [0x00000000c0000000,0x00000000c1d2bcf8,0x00000000c4300000)
 Metaspace       used 43984K, committed 44736K, reserved 1114112K
  class space    used 4504K, committed 4800K, reserved 1048576K
}
Event: 24.483 GC heap before
{Heap before GC invocations=22 (full 2):
 PSYoungGen      total 24064K, used 24064K [0x00000000eab00000, 0x00000000eca80000, 0x0000000100000000)
  eden space 22016K, 100% used [0x00000000eab00000,0x00000000ec080000,0x00000000ec080000)
  from space 2048K, 100% used [0x00000000ec080000,0x00000000ec280000,0x00000000ec280000)
  to   space 5120K, 0% used [0x00000000ec580000,0x00000000ec580000,0x00000000eca80000)
 ParOldGen       total 68608K, used 29871K [0x00000000c0000000, 0x00000000c4300000, 0x00000000eab00000)
  object space 68608K, 43% used [0x00000000c0000000,0x00000000c1d2bcf8,0x00000000c4300000)
 Metaspace       used 44574K, committed 45376K, reserved 1114112K
  class space    used 4546K, committed 4864K, reserved 1048576K
}
Event: 24.487 GC heap after
{Heap after GC invocations=22 (full 2):
 PSYoungGen      total 23552K, used 1041K [0x00000000eab00000, 0x00000000ec700000, 0x0000000100000000)
  eden space 22016K, 0% used [0x00000000eab00000,0x00000000eab00000,0x00000000ec080000)
  from space 1536K, 67% used [0x00000000ec580000,0x00000000ec684718,0x00000000ec700000)
  to   space 2560K, 0% used [0x00000000ec200000,0x00000000ec200000,0x00000000ec480000)
 ParOldGen       total 68608K, used 31883K [0x00000000c0000000, 0x00000000c4300000, 0x00000000eab00000)
  object space 68608K, 46% used [0x00000000c0000000,0x00000000c1f22f78,0x00000000c4300000)
 Metaspace       used 44574K, committed 45376K, reserved 1114112K
  class space    used 4546K, committed 4864K, reserved 1048576K
}
Event: 24.768 GC heap before
{Heap before GC invocations=23 (full 2):
 PSYoungGen      total 23552K, used 23057K [0x00000000eab00000, 0x00000000ec700000, 0x0000000100000000)
  eden space 22016K, 100% used [0x00000000eab00000,0x00000000ec080000,0x00000000ec080000)
  from space 1536K, 67% used [0x00000000ec580000,0x00000000ec684718,0x00000000ec700000)
  to   space 2560K, 0% used [0x00000000ec200000,0x00000000ec200000,0x00000000ec480000)
 ParOldGen       total 68608K, used 31883K [0x00000000c0000000, 0x00000000c4300000, 0x00000000eab00000)
  object space 68608K, 46% used [0x00000000c0000000,0x00000000c1f22f78,0x00000000c4300000)
 Metaspace       used 45767K, committed 46592K, reserved 1114112K
  class space    used 4655K, committed 4992K, reserved 1048576K
}
Event: 24.771 GC heap after
{Heap after GC invocations=23 (full 2):
 PSYoungGen      total 24576K, used 384K [0x00000000eab00000, 0x00000000ec600000, 0x0000000100000000)
  eden space 22016K, 0% used [0x00000000eab00000,0x00000000eab00000,0x00000000ec080000)
  from space 2560K, 15% used [0x00000000ec200000,0x00000000ec260010,0x00000000ec480000)
  to   space 1024K, 0% used [0x00000000ec500000,0x00000000ec500000,0x00000000ec600000)
 ParOldGen       total 68608K, used 32011K [0x00000000c0000000, 0x00000000c4300000, 0x00000000eab00000)
  object space 68608K, 46% used [0x00000000c0000000,0x00000000c1f42f78,0x00000000c4300000)
 Metaspace       used 45767K, committed 46592K, reserved 1114112K
  class space    used 4655K, committed 4992K, reserved 1048576K
}
Event: 25.523 GC heap before
{Heap before GC invocations=24 (full 2):
 PSYoungGen      total 24576K, used 22400K [0x00000000eab00000, 0x00000000ec600000, 0x0000000100000000)
  eden space 22016K, 100% used [0x00000000eab00000,0x00000000ec080000,0x00000000ec080000)
  from space 2560K, 15% used [0x00000000ec200000,0x00000000ec260010,0x00000000ec480000)
  to   space 1024K, 0% used [0x00000000ec500000,0x00000000ec500000,0x00000000ec600000)
 ParOldGen       total 68608K, used 32011K [0x00000000c0000000, 0x00000000c4300000, 0x00000000eab00000)
  object space 68608K, 46% used [0x00000000c0000000,0x00000000c1f42f78,0x00000000c4300000)
 Metaspace       used 48465K, committed 49344K, reserved 1114112K
  class space    used 4956K, committed 5312K, reserved 1048576K
}
Event: 25.529 GC heap after
{Heap after GC invocations=24 (full 2):
 PSYoungGen      total 23040K, used 992K [0x00000000eab00000, 0x00000000ec600000, 0x0000000100000000)
  eden space 22016K, 0% used [0x00000000eab00000,0x00000000eab00000,0x00000000ec080000)
  from space 1024K, 96% used [0x00000000ec500000,0x00000000ec5f8010,0x00000000ec600000)
  to   space 2560K, 0% used [0x00000000ec100000,0x00000000ec100000,0x00000000ec380000)
 ParOldGen       total 68608K, used 33001K [0x00000000c0000000, 0x00000000c4300000, 0x00000000eab00000)
  object space 68608K, 48% used [0x00000000c0000000,0x00000000c203a498,0x00000000c4300000)
 Metaspace       used 48465K, committed 49344K, reserved 1114112K
  class space    used 4956K, committed 5312K, reserved 1048576K
}

Dll operation events (12 events):
Event: 0.101 Loaded shared library c:\Users\KAMIL\.vscode\extensions\redhat.java-1.38.0-win32-x64\jre\17.0.13-win32-x86_64\bin\java.dll
Event: 0.542 Loaded shared library c:\Users\KAMIL\.vscode\extensions\redhat.java-1.38.0-win32-x64\jre\17.0.13-win32-x86_64\bin\zip.dll
Event: 0.551 Loaded shared library C:\Users\KAMIL\.vscode\extensions\redhat.java-1.38.0-win32-x64\jre\17.0.13-win32-x86_64\bin\instrument.dll
Event: 0.589 Loaded shared library C:\Users\KAMIL\.vscode\extensions\redhat.java-1.38.0-win32-x64\jre\17.0.13-win32-x86_64\bin\net.dll
Event: 0.600 Loaded shared library C:\Users\KAMIL\.vscode\extensions\redhat.java-1.38.0-win32-x64\jre\17.0.13-win32-x86_64\bin\nio.dll
Event: 0.616 Loaded shared library C:\Users\KAMIL\.vscode\extensions\redhat.java-1.38.0-win32-x64\jre\17.0.13-win32-x86_64\bin\zip.dll
Event: 0.658 Loaded shared library C:\Users\KAMIL\.vscode\extensions\redhat.java-1.38.0-win32-x64\jre\17.0.13-win32-x86_64\bin\jimage.dll
Event: 0.815 Loaded shared library c:\Users\KAMIL\.vscode\extensions\redhat.java-1.38.0-win32-x64\jre\17.0.13-win32-x86_64\bin\verify.dll
Event: 12.271 Loaded shared library C:\Users\KAMIL\AppData\Roaming\Code\User\globalStorage\redhat.java\1.38.0\config_ss_win\org.eclipse.equinox.launcher\org.eclipse.equinox.launcher.win32.win32.x86_64_1.2.1100.v20240722-2106\eclipse_11904.dll
Event: 13.929 Loaded shared library C:\Users\KAMIL\.vscode\extensions\redhat.java-1.38.0-win32-x64\jre\17.0.13-win32-x86_64\bin\management.dll
Event: 13.938 Loaded shared library C:\Users\KAMIL\.vscode\extensions\redhat.java-1.38.0-win32-x64\jre\17.0.13-win32-x86_64\bin\management_ext.dll
Event: 17.198 Loaded shared library C:\Users\KAMIL\AppData\Local\Temp\jna-71276826\jna11396004989483525893.dll

Deoptimization events (20 events):
Event: 25.631 Thread 0x000001a1ff3cfec0 DEOPT PACKING pc=0x000001a1ef50a204 sp=0x0000009474bfa2c0
Event: 25.631 Thread 0x000001a1ff3cfec0 DEOPT UNPACKING pc=0x000001a1eedb9ea3 sp=0x0000009474bfa278 mode 2
Event: 37.880 Thread 0x000001a180c85a80 DEOPT PACKING pc=0x000001a1e805b690 sp=0x0000009475cfe1c0
Event: 37.880 Thread 0x000001a180c85a80 DEOPT UNPACKING pc=0x000001a1eedba9e3 sp=0x0000009475cfd6c8 mode 0
Event: 37.885 Thread 0x000001a180c85a80 Uncommon trap: trap_request=0xffffff6e fr.pc=0x000001a1ef53a18c relative=0x00000000000001ec
Event: 37.885 Thread 0x000001a180c85a80 Uncommon trap: reason=loop_limit_check action=maybe_recompile pc=0x000001a1ef53a18c method=org.eclipse.jdt.internal.core.util.HashtableOfArrayToObject.hashCode([Ljava/lang/Object;I)I @ 27 c2
Event: 37.885 Thread 0x000001a180c85a80 DEOPT PACKING pc=0x000001a1ef53a18c sp=0x0000009475cfe580
Event: 37.885 Thread 0x000001a180c85a80 DEOPT UNPACKING pc=0x000001a1eedb9ea3 sp=0x0000009475cfe508 mode 2
Event: 37.897 Thread 0x000001a180c85a80 Uncommon trap: trap_request=0xffffffde fr.pc=0x000001a1ef400ed4 relative=0x0000000000000a34
Event: 37.897 Thread 0x000001a180c85a80 Uncommon trap: reason=class_check action=maybe_recompile pc=0x000001a1ef400ed4 method=java.util.HashMap.putVal(ILjava/lang/Object;Ljava/lang/Object;ZZ)Ljava/lang/Object; @ 203 c2
Event: 37.897 Thread 0x000001a180c85a80 DEOPT PACKING pc=0x000001a1ef400ed4 sp=0x0000009475cfd8b0
Event: 37.897 Thread 0x000001a180c85a80 DEOPT UNPACKING pc=0x000001a1eedb9ea3 sp=0x0000009475cfd7b0 mode 2
Event: 37.897 Thread 0x000001a180c85a80 Uncommon trap: trap_request=0xffffffde fr.pc=0x000001a1ef445a24 relative=0x00000000000008a4
Event: 37.897 Thread 0x000001a180c85a80 Uncommon trap: reason=class_check action=maybe_recompile pc=0x000001a1ef445a24 method=java.util.HashMap.putVal(ILjava/lang/Object;Ljava/lang/Object;ZZ)Ljava/lang/Object; @ 203 c2
Event: 37.897 Thread 0x000001a180c85a80 DEOPT PACKING pc=0x000001a1ef445a24 sp=0x0000009475cfdd90
Event: 37.897 Thread 0x000001a180c85a80 DEOPT UNPACKING pc=0x000001a1eedb9ea3 sp=0x0000009475cfdd30 mode 2
Event: 37.960 Thread 0x000001a180c85a80 DEOPT PACKING pc=0x000001a1e78a91e1 sp=0x0000009475cfc000
Event: 37.961 Thread 0x000001a180c85a80 DEOPT UNPACKING pc=0x000001a1eedba9e3 sp=0x0000009475cfb4f8 mode 0
Event: 38.277 Thread 0x000001a180c85a80 DEOPT PACKING pc=0x000001a1e820d12d sp=0x0000009475cfd460
Event: 38.277 Thread 0x000001a180c85a80 DEOPT UNPACKING pc=0x000001a1eedba9e3 sp=0x0000009475cfc8e8 mode 0

Classes loaded (20 events):
Event: 24.978 Loading class java/util/stream/MatchOps$1MatchSink
Event: 24.978 Loading class java/util/stream/MatchOps$1MatchSink done
Event: 25.083 Loading class sun/reflect/misc/ReflectUtil
Event: 25.084 Loading class sun/reflect/misc/ReflectUtil done
Event: 25.264 Loading class java/util/stream/ReduceOps$4
Event: 25.264 Loading class java/util/stream/ReduceOps$4 done
Event: 25.265 Loading class java/util/stream/ReduceOps$4ReducingSink
Event: 25.265 Loading class java/util/stream/ReduceOps$4ReducingSink done
Event: 25.400 Loading class java/util/concurrent/CompletionException
Event: 25.400 Loading class java/util/concurrent/CompletionException done
Event: 26.216 Loading class java/lang/Throwable$WrappedPrintWriter
Event: 26.217 Loading class java/lang/Throwable$PrintStreamOrWriter
Event: 26.217 Loading class java/lang/Throwable$PrintStreamOrWriter done
Event: 26.217 Loading class java/lang/Throwable$WrappedPrintWriter done
Event: 45.923 Loading class java/util/stream/DistinctOps
Event: 45.924 Loading class java/util/stream/DistinctOps done
Event: 45.924 Loading class java/util/stream/DistinctOps$1
Event: 45.926 Loading class java/util/stream/DistinctOps$1 done
Event: 45.983 Loading class java/util/stream/DistinctOps$1$2
Event: 45.984 Loading class java/util/stream/DistinctOps$1$2 done

Classes unloaded (7 events):
Event: 14.155 Thread 0x000001a1e4c4ecb0 Unloading class 0x000000010021b400 'java/lang/invoke/LambdaForm$MH+0x000000010021b400'
Event: 14.155 Thread 0x000001a1e4c4ecb0 Unloading class 0x000000010021b000 'java/lang/invoke/LambdaForm$MH+0x000000010021b000'
Event: 14.155 Thread 0x000001a1e4c4ecb0 Unloading class 0x000000010021ac00 'java/lang/invoke/LambdaForm$MH+0x000000010021ac00'
Event: 14.155 Thread 0x000001a1e4c4ecb0 Unloading class 0x000000010021a800 'java/lang/invoke/LambdaForm$MH+0x000000010021a800'
Event: 14.155 Thread 0x000001a1e4c4ecb0 Unloading class 0x000000010021a400 'java/lang/invoke/LambdaForm$BMH+0x000000010021a400'
Event: 14.155 Thread 0x000001a1e4c4ecb0 Unloading class 0x000000010021a000 'java/lang/invoke/LambdaForm$DMH+0x000000010021a000'
Event: 14.155 Thread 0x000001a1e4c4ecb0 Unloading class 0x0000000100214400 'java/lang/invoke/LambdaForm$DMH+0x0000000100214400'

Classes redefined (0 events):
No events

Internal exceptions (20 events):
Event: 25.680 Thread 0x000001a1ff3cfec0 Exception <a 'sun/nio/fs/WindowsException'{0x00000000eb27e1f8}> (0x00000000eb27e1f8) 
thrown [s\src\hotspot\share\prims\jni.cpp, line 516]
Event: 25.726 Thread 0x000001a1ff3cfec0 Exception <a 'sun/nio/fs/WindowsException'{0x00000000eb304090}> (0x00000000eb304090) 
thrown [s\src\hotspot\share\prims\jni.cpp, line 516]
Event: 25.745 Thread 0x000001a1ff3cfec0 Exception <a 'sun/nio/fs/WindowsException'{0x00000000eb3193a8}> (0x00000000eb3193a8) 
thrown [s\src\hotspot\share\prims\jni.cpp, line 516]
Event: 25.761 Thread 0x000001a1ff3cfec0 Exception <a 'sun/nio/fs/WindowsException'{0x00000000eb329bc8}> (0x00000000eb329bc8) 
thrown [s\src\hotspot\share\prims\jni.cpp, line 516]
Event: 25.788 Thread 0x000001a1ff3cfec0 Exception <a 'sun/nio/fs/WindowsException'{0x00000000eb33a6e0}> (0x00000000eb33a6e0) 
thrown [s\src\hotspot\share\prims\jni.cpp, line 516]
Event: 25.811 Thread 0x000001a1ff3cfec0 Exception <a 'sun/nio/fs/WindowsException'{0x00000000eb34b360}> (0x00000000eb34b360) 
thrown [s\src\hotspot\share\prims\jni.cpp, line 516]
Event: 25.835 Thread 0x000001a1ff3cfec0 Exception <a 'sun/nio/fs/WindowsException'{0x00000000eb35bdf8}> (0x00000000eb35bdf8) 
thrown [s\src\hotspot\share\prims\jni.cpp, line 516]
Event: 25.849 Thread 0x000001a1ff3cfec0 Exception <a 'sun/nio/fs/WindowsException'{0x00000000eb36c828}> (0x00000000eb36c828) 
thrown [s\src\hotspot\share\prims\jni.cpp, line 516]
Event: 25.852 Thread 0x000001a1ff3cfec0 Exception <a 'sun/nio/fs/WindowsException'{0x00000000eb36d808}> (0x00000000eb36d808) 
thrown [s\src\hotspot\share\prims\jni.cpp, line 516]
Event: 25.904 Thread 0x000001a1ff3cfec0 Exception <a 'sun/nio/fs/WindowsException'{0x00000000eb37b4e0}> (0x00000000eb37b4e0) 
thrown [s\src\hotspot\share\prims\jni.cpp, line 516]
Event: 25.913 Thread 0x000001a1ff3cfec0 Exception <a 'sun/nio/fs/WindowsException'{0x00000000eb37c780}> (0x00000000eb37c780) 
thrown [s\src\hotspot\share\prims\jni.cpp, line 516]
Event: 25.965 Thread 0x000001a1ff3cfec0 Exception <a 'sun/nio/fs/WindowsException'{0x00000000eb38a078}> (0x00000000eb38a078) 
thrown [s\src\hotspot\share\prims\jni.cpp, line 516]
Event: 26.030 Thread 0x000001a1ff3cfec0 Exception <a 'sun/nio/fs/WindowsException'{0x00000000eb39a738}> (0x00000000eb39a738) 
thrown [s\src\hotspot\share\prims\jni.cpp, line 516]
Event: 26.112 Thread 0x000001a1ff3cfec0 Exception <a 'sun/nio/fs/WindowsException'{0x00000000eb3aafb0}> (0x00000000eb3aafb0) 
thrown [s\src\hotspot\share\prims\jni.cpp, line 516]
Event: 26.138 Thread 0x000001a1ff3cfec0 Exception <a 'sun/nio/fs/WindowsException'{0x00000000eb3e5eb8}> (0x00000000eb3e5eb8) 
thrown [s\src\hotspot\share\prims\jni.cpp, line 516]
Event: 26.213 Thread 0x000001a1ff3cfec0 Exception <a 'sun/nio/fs/WindowsException'{0x00000000eb5c8090}> (0x00000000eb5c8090) 
thrown [s\src\hotspot\share\prims\jni.cpp, line 516]
Event: 26.213 Thread 0x000001a1ff3cfec0 Exception <a 'sun/nio/fs/WindowsException'{0x00000000eb5c86c8}> (0x00000000eb5c86c8) 
thrown [s\src\hotspot\share\prims\jni.cpp, line 516]
Event: 46.153 Thread 0x000001a1ff3cfec0 Exception <a 'java/lang/NoSuchMethodError'{0x00000000ebd6d738}: 'java.lang.Object java.lang.invoke.DirectMethodHandle$Holder.newInvokeSpecial(java.lang.Object, java.lang.Object, java.lang.Object, java.lang.Object, java.lang.Object, java.lang.Object)'> (0x00000000ebd6d738) 
thrown [s\src\hotspot\share\interpreter\linkResolver.cpp, line 759]
Event: 46.197 Thread 0x000001a1ff3cfec0 Exception <a 'sun/nio/fs/WindowsException'{0x00000000ebe1d270}> (0x00000000ebe1d270) 
thrown [s\src\hotspot\share\prims\jni.cpp, line 516]
Event: 46.331 Thread 0x000001a1ff3cfec0 Exception <a 'sun/nio/fs/WindowsException'{0x00000000ebe2d6d8}> (0x00000000ebe2d6d8) 
thrown [s\src\hotspot\share\prims\jni.cpp, line 516]

VM Operations (20 events):
Event: 25.178 Executing VM operation: HandshakeAllThreads
Event: 25.178 Executing VM operation: HandshakeAllThreads done
Event: 25.280 Executing VM operation: HandshakeAllThreads
Event: 25.280 Executing VM operation: HandshakeAllThreads done
Event: 25.516 Executing VM operation: HandshakeAllThreads
Event: 25.516 Executing VM operation: HandshakeAllThreads done
Event: 25.521 Executing VM operation: ParallelGCFailedAllocation
Event: 25.529 Executing VM operation: ParallelGCFailedAllocation done
Event: 27.537 Executing VM operation: Cleanup
Event: 27.538 Executing VM operation: Cleanup done
Event: 38.325 Executing VM operation: ICBufferFull
Event: 38.326 Executing VM operation: ICBufferFull done
Event: 39.335 Executing VM operation: Cleanup
Event: 39.335 Executing VM operation: Cleanup done
Event: 45.982 Executing VM operation: HandshakeAllThreads
Event: 45.982 Executing VM operation: HandshakeAllThreads done
Event: 45.982 Executing VM operation: Cleanup
Event: 45.982 Executing VM operation: Cleanup done
Event: 46.990 Executing VM operation: Cleanup
Event: 46.990 Executing VM operation: Cleanup done

Memory protections (0 events):
No events

Nmethod flushes (0 events):
No events

Events (20 events):
Event: 17.488 Thread 0x000001a1e4ba9aa0 Thread added: 0x000001a1ff3d1810
Event: 17.488 Thread 0x000001a1e4ba9aa0 Thread added: 0x000001a1ff3cf4a0
Event: 17.488 Thread 0x000001a1e4ba9aa0 Thread added: 0x000001a1ff3ce060
Event: 17.488 Thread 0x000001a1e4ba9aa0 Thread added: 0x000001a1ff3cea80
Event: 17.489 Thread 0x000001a1e4ba9aa0 Thread added: 0x000001a1ff3cef90
Event: 17.489 Thread 0x000001a1e4ba9aa0 Thread added: 0x000001a180c87df0
Event: 17.489 Thread 0x000001a1e4ba9aa0 Thread added: 0x000001a180c88300
Event: 17.586 Thread 0x000001a1e4ba9aa0 Thread added: 0x000001a180c88810
Event: 18.267 Thread 0x000001a1e4ba9aa0 Thread added: 0x000001a180c873d0
Event: 18.268 Thread 0x000001a1e4ba9aa0 Thread added: 0x000001a180c85f90
Event: 19.239 Thread 0x000001a1fdcfbb40 Thread exited: 0x000001a1fdcfbb40
Event: 19.811 Thread 0x000001a180c85f90 Thread added: 0x000001a180c864a0
Event: 19.819 Thread 0x000001a180c85f90 Thread added: 0x000001a180c85570
Event: 19.862 Thread 0x000001a180c85570 Thread added: 0x000001a180c85a80
Event: 21.792 Thread 0x000001a1ff3cfec0 Thread added: 0x000001a180c869b0
Event: 21.805 Thread 0x000001a180c869b0 Thread added: 0x000001a180c86ec0
Event: 21.817 Thread 0x000001a180c86ec0 Thread exited: 0x000001a180c86ec0
Event: 21.817 Thread 0x000001a180c869b0 Thread exited: 0x000001a180c869b0
Event: 46.031 Thread 0x000001a1fdb24fa0 Thread added: 0x000001a180f4f510
Event: 46.195 Thread 0x000001a1fdb24fa0 Thread added: 0x000001a180787f60


Dynamic libraries:
0x00007ff612e20000 - 0x00007ff612e2e000 	c:\Users\KAMIL\.vscode\extensions\redhat.java-1.38.0-win32-x64\jre\17.0.13-win32-x86_64\bin\java.exe
0x00007ffb0bc50000 - 0x00007ffb0be67000 	C:\WINDOWS\SYSTEM32\ntdll.dll
0x00007ffb09fb0000 - 0x00007ffb0a074000 	C:\WINDOWS\System32\KERNEL32.DLL
0x00007ffb09180000 - 0x00007ffb0953a000 	C:\WINDOWS\System32\KERNELBASE.dll
0x00007ffb09540000 - 0x00007ffb09651000 	C:\WINDOWS\System32\ucrtbase.dll
0x00007ffade890000 - 0x00007ffade8ae000 	c:\Users\KAMIL\.vscode\extensions\redhat.java-1.38.0-win32-x64\jre\17.0.13-win32-x86_64\bin\VCRUNTIME140.dll
0x00007ffad9270000 - 0x00007ffad9287000 	c:\Users\KAMIL\.vscode\extensions\redhat.java-1.38.0-win32-x64\jre\17.0.13-win32-x86_64\bin\jli.dll
0x00007ffb0a1f0000 - 0x00007ffb0a39e000 	C:\WINDOWS\System32\USER32.dll
0x00007ffb09850000 - 0x00007ffb09876000 	C:\WINDOWS\System32\win32u.dll
0x00007ffaf4b40000 - 0x00007ffaf4dd2000 	C:\WINDOWS\WinSxS\amd64_microsoft.windows.common-controls_6595b64144ccf1df_6.0.22621.4541_none_2710d1c57384c085\COMCTL32.dll
0x00007ffb09ef0000 - 0x00007ffb09f19000 	C:\WINDOWS\System32\GDI32.dll
0x00007ffb0a5a0000 - 0x00007ffb0a647000 	C:\WINDOWS\System32\msvcrt.dll
0x00007ffb08f20000 - 0x00007ffb0903b000 	C:\WINDOWS\System32\gdi32full.dll
0x00007ffb098b0000 - 0x00007ffb0994a000 	C:\WINDOWS\System32\msvcp_win.dll
0x00007ffb09cc0000 - 0x00007ffb09cf1000 	C:\WINDOWS\System32\IMM32.DLL
0x00007ffaf3ef0000 - 0x00007ffaf3efc000 	c:\Users\KAMIL\.vscode\extensions\redhat.java-1.38.0-win32-x64\jre\17.0.13-win32-x86_64\bin\vcruntime140_1.dll
0x00007ffa8da90000 - 0x00007ffa8db1d000 	c:\Users\KAMIL\.vscode\extensions\redhat.java-1.38.0-win32-x64\jre\17.0.13-win32-x86_64\bin\msvcp140.dll
0x00007ffa84990000 - 0x00007ffa855fb000 	c:\Users\KAMIL\.vscode\extensions\redhat.java-1.38.0-win32-x64\jre\17.0.13-win32-x86_64\bin\server\jvm.dll
0x00007ffb0a650000 - 0x00007ffb0a702000 	C:\WINDOWS\System32\ADVAPI32.dll
0x00007ffb0b9b0000 - 0x00007ffb0ba57000 	C:\WINDOWS\System32\sechost.dll
0x00007ffb09880000 - 0x00007ffb098a8000 	C:\WINDOWS\System32\bcrypt.dll
0x00007ffb0bad0000 - 0x00007ffb0bbe4000 	C:\WINDOWS\System32\RPCRT4.dll
0x00007ffb0a520000 - 0x00007ffb0a591000 	C:\WINDOWS\System32\WS2_32.dll
0x00007ffb08df0000 - 0x00007ffb08e3d000 	C:\WINDOWS\SYSTEM32\POWRPROF.dll
0x00007ffb04560000 - 0x00007ffb04594000 	C:\WINDOWS\SYSTEM32\WINMM.dll
0x00007ffb047d0000 - 0x00007ffb047da000 	C:\WINDOWS\SYSTEM32\VERSION.dll
0x00007ffb08dd0000 - 0x00007ffb08de3000 	C:\WINDOWS\SYSTEM32\UMPDC.dll
0x00007ffb07ec0000 - 0x00007ffb07ed8000 	C:\WINDOWS\SYSTEM32\kernel.appcore.dll
0x00007ffaf32a0000 - 0x00007ffaf32aa000 	c:\Users\KAMIL\.vscode\extensions\redhat.java-1.38.0-win32-x64\jre\17.0.13-win32-x86_64\bin\jimage.dll
0x00007ffb06730000 - 0x00007ffb06962000 	C:\WINDOWS\SYSTEM32\DBGHELP.DLL
0x00007ffb0a710000 - 0x00007ffb0aa9f000 	C:\WINDOWS\System32\combase.dll
0x00007ffb0af20000 - 0x00007ffb0aff7000 	C:\WINDOWS\System32\OLEAUT32.dll
0x00007ffae83d0000 - 0x00007ffae8402000 	C:\WINDOWS\SYSTEM32\dbgcore.DLL
0x00007ffb09660000 - 0x00007ffb096db000 	C:\WINDOWS\System32\bcryptPrimitives.dll
0x00007ffaf2f90000 - 0x00007ffaf2f9e000 	c:\Users\KAMIL\.vscode\extensions\redhat.java-1.38.0-win32-x64\jre\17.0.13-win32-x86_64\bin\instrument.dll
0x00007ffacbd30000 - 0x00007ffacbd55000 	c:\Users\KAMIL\.vscode\extensions\redhat.java-1.38.0-win32-x64\jre\17.0.13-win32-x86_64\bin\java.dll
0x00007ffad5f40000 - 0x00007ffad5f58000 	c:\Users\KAMIL\.vscode\extensions\redhat.java-1.38.0-win32-x64\jre\17.0.13-win32-x86_64\bin\zip.dll
0x00007ffb0b000000 - 0x00007ffb0b878000 	C:\WINDOWS\System32\SHELL32.dll
0x00007ffb06e10000 - 0x00007ffb07718000 	C:\WINDOWS\SYSTEM32\windows.storage.dll
0x00007ffb06cd0000 - 0x00007ffb06e0f000 	C:\WINDOWS\SYSTEM32\wintypes.dll
0x00007ffb0a420000 - 0x00007ffb0a51a000 	C:\WINDOWS\System32\SHCORE.dll
0x00007ffb0b950000 - 0x00007ffb0b9ae000 	C:\WINDOWS\System32\shlwapi.dll
0x00007ffb08e50000 - 0x00007ffb08e7b000 	C:\WINDOWS\SYSTEM32\profapi.dll
0x00007ffad3fa0000 - 0x00007ffad3fb9000 	C:\Users\KAMIL\.vscode\extensions\redhat.java-1.38.0-win32-x64\jre\17.0.13-win32-x86_64\bin\net.dll
0x00007ffb047e0000 - 0x00007ffb04916000 	C:\WINDOWS\SYSTEM32\WINHTTP.dll
0x00007ffb083a0000 - 0x00007ffb08409000 	C:\WINDOWS\system32\mswsock.dll
0x00007ffad3490000 - 0x00007ffad34a6000 	C:\Users\KAMIL\.vscode\extensions\redhat.java-1.38.0-win32-x64\jre\17.0.13-win32-x86_64\bin\nio.dll
0x00007ffaf2e50000 - 0x00007ffaf2e60000 	c:\Users\KAMIL\.vscode\extensions\redhat.java-1.38.0-win32-x64\jre\17.0.13-win32-x86_64\bin\verify.dll
0x00007ffac6d90000 - 0x00007ffac6dd5000 	C:\Users\KAMIL\AppData\Roaming\Code\User\globalStorage\redhat.java\1.38.0\config_ss_win\org.eclipse.equinox.launcher\org.eclipse.equinox.launcher.win32.win32.x86_64_1.2.1100.v20240722-2106\eclipse_11904.dll
0x00007ffb09950000 - 0x00007ffb09af5000 	C:\WINDOWS\System32\ole32.dll
0x00007ffaf2da0000 - 0x00007ffaf2daa000 	C:\Users\KAMIL\.vscode\extensions\redhat.java-1.38.0-win32-x64\jre\17.0.13-win32-x86_64\bin\management.dll
0x00007ffaf2610000 - 0x00007ffaf261b000 	C:\Users\KAMIL\.vscode\extensions\redhat.java-1.38.0-win32-x64\jre\17.0.13-win32-x86_64\bin\management_ext.dll
0x00007ffb09ed0000 - 0x00007ffb09ed8000 	C:\WINDOWS\System32\PSAPI.DLL
0x00007ffb085d0000 - 0x00007ffb085eb000 	C:\WINDOWS\SYSTEM32\CRYPTSP.dll
0x00007ffb07e80000 - 0x00007ffb07eb5000 	C:\WINDOWS\system32\rsaenh.dll
0x00007ffb08460000 - 0x00007ffb08488000 	C:\WINDOWS\SYSTEM32\USERENV.dll
0x00007ffb085f0000 - 0x00007ffb085fc000 	C:\WINDOWS\SYSTEM32\CRYPTBASE.dll
0x00007ffb079c0000 - 0x00007ffb079ed000 	C:\WINDOWS\SYSTEM32\IPHLPAPI.DLL
0x00007ffb09ee0000 - 0x00007ffb09ee9000 	C:\WINDOWS\System32\NSI.dll
0x00007ffb047b0000 - 0x00007ffb047c9000 	C:\WINDOWS\SYSTEM32\dhcpcsvc6.DLL
0x00007ffb04790000 - 0x00007ffb047af000 	C:\WINDOWS\SYSTEM32\dhcpcsvc.DLL
0x00007ffb079f0000 - 0x00007ffb07af2000 	C:\WINDOWS\SYSTEM32\DNSAPI.dll
0x00007ffac5020000 - 0x00007ffac5069000 	C:\Users\KAMIL\AppData\Local\Temp\jna-71276826\jna11396004989483525893.dll
0x00007ffb08030000 - 0x00007ffb08064000 	C:\WINDOWS\SYSTEM32\ntmarta.dll

dbghelp: loaded successfully - version: 4.0.5 - missing functions: none
symbol engine: initialized successfully - sym options: 0x614 - pdb path: .;c:\Users\KAMIL\.vscode\extensions\redhat.java-1.38.0-win32-x64\jre\17.0.13-win32-x86_64\bin;C:\WINDOWS\SYSTEM32;C:\WINDOWS\WinSxS\amd64_microsoft.windows.common-controls_6595b64144ccf1df_6.0.22621.4541_none_2710d1c57384c085;c:\Users\KAMIL\.vscode\extensions\redhat.java-1.38.0-win32-x64\jre\17.0.13-win32-x86_64\bin\server;C:\Users\KAMIL\AppData\Roaming\Code\User\globalStorage\redhat.java\1.38.0\config_ss_win\org.eclipse.equinox.launcher\org.eclipse.equinox.launcher.win32.win32.x86_64_1.2.1100.v20240722-2106;C:\Users\KAMIL\AppData\Local\Temp\jna-71276826

VM Arguments:
jvm_args: --add-modules=ALL-SYSTEM --add-opens=java.base/java.util=ALL-UNNAMED --add-opens=java.base/java.lang=ALL-UNNAMED --add-opens=java.base/sun.nio.fs=ALL-UNNAMED -Declipse.application=org.eclipse.jdt.ls.core.id1 -Dosgi.bundles.defaultStartLevel=4 -Declipse.product=org.eclipse.jdt.ls.core.product -Djava.import.generatesMetadataFilesAtProjectRoot=false -DDetectVMInstallationsJob.disabled=true -Dfile.encoding=utf8 -XX:+UseParallelGC -XX:GCTimeRatio=4 -XX:AdaptiveSizePolicyWeight=90 -Dsun.zip.disableMemoryMapping=true -Xmx1G -Xms100m -Xlog:disable -javaagent:c:\Users\KAMIL\.vscode\extensions\redhat.java-1.38.0-win32-x64\lombok\lombok-1.18.34.jar 
java_command: c:\Users\KAMIL\.vscode\extensions\redhat.java-1.38.0-win32-x64\server\plugins\org.eclipse.equinox.launcher_1.6.900.v20240613-2009.jar -configuration c:\Users\KAMIL\AppData\Roaming\Code\User\globalStorage\redhat.java\1.38.0\config_ss_win -data c:\Users\KAMIL\AppData\Roaming\Code\User\workspaceStorage\32f65c5b94713481a596c80e9b21fd46\redhat.java\ss_ws --pipe=\\.\pipe\lsp-b041dcc3fb93819a3ef88db44fb684cc-sock
java_class_path (initial): c:\Users\KAMIL\.vscode\extensions\redhat.java-1.38.0-win32-x64\server\plugins\org.eclipse.equinox.launcher_1.6.900.v20240613-2009.jar
Launcher Type: SUN_STANDARD

[Global flags]
    uintx AdaptiveSizePolicyWeight                 = 90                                        {product} {command line}
     intx CICompilerCount                          = 4                                         {product} {ergonomic}
    uintx GCTimeRatio                              = 4                                         {product} {command line}
   size_t InitialHeapSize                          = 104857600                                 {product} {command line}
   size_t MaxHeapSize                              = 1073741824                                {product} {command line}
   size_t MaxNewSize                               = 357564416                                 {product} {ergonomic}
   size_t MinHeapDeltaBytes                        = 524288                                    {product} {ergonomic}
   size_t MinHeapSize                              = 104857600                                 {product} {command line}
   size_t NewSize                                  = 34603008                                  {product} {ergonomic}
    uintx NonNMethodCodeHeapSize                   = 5839372                                {pd product} {ergonomic}
    uintx NonProfiledCodeHeapSize                  = 122909434                              {pd product} {ergonomic}
   size_t OldSize                                  = 70254592                                  {product} {ergonomic}
    uintx ProfiledCodeHeapSize                     = 122909434                              {pd product} {ergonomic}
    uintx ReservedCodeCacheSize                    = 251658240                              {pd product} {ergonomic}
     bool SegmentedCodeCache                       = true                                      {product} {ergonomic}
   size_t SoftMaxHeapSize                          = 1073741824                             {manageable} {ergonomic}
     bool UseCompressedClassPointers               = true                           {product lp64_product} {ergonomic}
     bool UseCompressedOops                        = true                           {product lp64_product} {ergonomic}
     bool UseLargePagesIndividualAllocation        = false                                  {pd product} {ergonomic}
     bool UseParallelGC                            = true                                      {product} {command line}

Logging:
Log output configuration:
 #0: stdout all=off uptime,level,tags
 #1: stderr all=off uptime,level,tags

Environment Variables:
PATH=C:\Users\KAMIL\bin;C:\Program Files\Git\mingw64\bin;C:\Program Files\Git\usr\local\bin;C:\Program Files\Git\usr\bin;C:\Program Files\Git\usr\bin;C:\Program Files\Git\mingw64\bin;C:\Program Files\Git\usr\bin;C:\Users\KAMIL\bin;C:\Program Files\Common Files\Oracle\Java\javapath;C:\Users\KAMIL\AppData\Local\Programs\cursor\resources\app\bin;C:\Program Files (x86)\Common Files\Intel\Shared Files\cpp\bin\Intel64;C:\WINDOWS\system32;C:\WINDOWS;C:\WINDOWS\System32\Wbem;C:\WINDOWS\System32\WindowsPowerShell\v1.0;C:\WINDOWS\System32\OpenSSH;C:\Program Files\Docker\Docker\resources\bin;C:\Program Files\Git\cmd;C:\Program Files (x86)\Microsoft SQL Server\160\DTS\Binn;C:\Program Files\Azure Data Studio\bin;C:\Program Files (x86)\Microsoft SQL Server\160\Tools\Binn;C:\Program Files\Microsoft SQL Server\160\Tools\Binn;C:\Program Files\Microsoft SQL Server\Client SDK\ODBC\170\Tools\Binn;C:\Program Files\Microsoft SQL Server\160\DTS\Binn;C:\Program Files (x86)\Microsoft SQL Server\150\Tools\Binn;C:\Program Files\Microsoft SQL Server\150\Tools\Binn;C:\Program Files\Microsoft SQL Server\150\DTS\Binn;C:\Users\KAMIL\AppData\Local\Programs\Python\Python311\Scripts;C:\Users\KAMIL\AppData\Local\Programs\Python\Python311;C:\Users\KAMIL\AppData\Local\Microsoft\WindowsApps;C:\Program Files\Azu;C:\Program Files\nodejs;C:\laragon\bin\php\php-8.2.25-nts-Win32-vs16-x64;C:\ProgramData\ComposerSetup\bin;C:\Users\KAMIL\AppData\Local\Programs\Python\Python311\Scripts;C:\Users\KAMIL\AppData\Local\Programs\Python\Python311;C:\Users\KAMIL\AppData\Local\Microsoft\WindowsApps;C:\Users\KAMIL\AppData\Local\Programs\Microsoft VS Code\bin;C:\Program Files\Azure Data Studio\bin;C:\Users\KAMIL\AppData\Local\spicetify;C:\Users\KAMIL\AppData\Roaming\npm;C:\Users\KAMIL\AppData\Roaming\Composer\vendor\bin;C:\Program Files\Git\usr\bin\vendor_perl;C:\Program Files\Git\usr\bin\core_perl
USERNAME=KAMIL
SHELL=C:\Program Files\Git\usr\bin\bash.exe
DISPLAY=needs-to-be-defined
LC_CTYPE=en_US.UTF-8
TERM=xterm
TMPDIR=C:\Users\KAMIL\AppData\Local\Temp
OS=Windows_NT
PROCESSOR_IDENTIFIER=Intel64 Family 6 Model 126 Stepping 5, GenuineIntel
TMP=C:\Users\KAMIL\AppData\Local\Temp
TEMP=C:\Users\KAMIL\AppData\Local\Temp



Periodic native trim disabled


---------------  S Y S T E M  ---------------

OS:
 Windows 11 , 64 bit Build 22621 (10.0.22621.4391)
OS uptime: 11 days 8:26 hours
Hyper-V role detected

CPU: total 8 (initial active 8) (4 cores per cpu, 2 threads per core) family 6 model 126 stepping 5 microcode 0xa6, cx8, cmov, fxsr, ht, mmx, 3dnowpref, sse, sse2, sse3, ssse3, sse4.1, sse4.2, popcnt, lzcnt, tsc, tscinvbit, avx, avx2, aes, erms, clmul, bmi1, bmi2, adx, avx512f, avx512dq, avx512cd, avx512bw, avx512vl, sha, fma, vzeroupper, avx512_vpopcntdq, avx512_vpclmulqdq, avx512_vaes, avx512_vnni, clflush, clflushopt, avx512_vbmi2, avx512_vbmi, hv
Processor Information for processor 0
  Max Mhz: 1201, Current Mhz: 1201, Mhz Limit: 1201
Processor Information for processor 1
  Max Mhz: 1201, Current Mhz: 1201, Mhz Limit: 1201
Processor Information for processor 2
  Max Mhz: 1201, Current Mhz: 1201, Mhz Limit: 1201
Processor Information for processor 3
  Max Mhz: 1201, Current Mhz: 1201, Mhz Limit: 1201
Processor Information for processor 4
  Max Mhz: 1201, Current Mhz: 1000, Mhz Limit: 1201
Processor Information for processor 5
  Max Mhz: 1201, Current Mhz: 1201, Mhz Limit: 1201
Processor Information for processor 6
  Max Mhz: 1201, Current Mhz: 1201, Mhz Limit: 1201
Processor Information for processor 7
  Max Mhz: 1201, Current Mhz: 1201, Mhz Limit: 1201

Memory: 4k page, system-wide physical 3836M (591M free)
TotalPageFile size 15612M (AvailPageFile size 182M)
current process WorkingSet (physical memory assigned to process): 161M, peak: 188M
current process commit charge ("private bytes"): 332M, peak: 335M

vm_info: OpenJDK 64-Bit Server VM (17.0.13+11) for windows-amd64 JRE (17.0.13+11), built on Oct 16 2024 00:10:08 by "admin" with MS VC++ 17.7 (VS2022)

END.
