#
# There is insufficient memory for the Java Runtime Environment to continue.
# Native memory allocation (malloc) failed to allocate 32784 bytes. Error detail: Chunk::new
# Possible reasons:
#   The system is out of physical RAM or swap space
#   This process is running with CompressedOops enabled, and the Java Heap may be blocking the growth of the native heap
# Possible solutions:
#   Reduce memory load on the system
#   Increase physical memory or swap space
#   Check if swap backing store is full
#   Decrease Java heap size (-Xmx/-Xms)
#   Decrease number of Java threads
#   Decrease Java thread stack sizes (-Xss)
#   Set larger code cache with -XX:ReservedCodeCacheSize=
#   JVM is running with Unscaled Compressed Oops mode in which the Java heap is
#     placed in the first 4GB address space. The Java Heap base address is the
#     maximum limit for the native heap growth. Please use -XX:HeapBaseMinAddress
#     to set the Java Heap base and to place the Java Heap above 4GB virtual address.
# This output file may be truncated or incomplete.
#
#  Out of Memory Error (arena.cpp:191), pid=25416, tid=24924
#
# JRE version: OpenJDK Runtime Environment Temurin-17.0.13+11 (17.0.13+11) (build 17.0.13+11)
# Java VM: OpenJDK 64-Bit Server VM Temurin-17.0.13+11 (17.0.13+11, mixed mode, tiered, compressed oops, compressed class ptrs, parallel gc, windows-amd64)
# No core dump will be written. Minidumps are not enabled by default on client versions of Windows
#

---------------  S U M M A R Y ------------

Command Line: --add-modules=ALL-SYSTEM --add-opens=java.base/java.util=ALL-UNNAMED --add-opens=java.base/java.lang=ALL-UNNAMED --add-opens=java.base/sun.nio.fs=ALL-UNNAMED -Declipse.application=org.eclipse.jdt.ls.core.id1 -Dosgi.bundles.defaultStartLevel=4 -Declipse.product=org.eclipse.jdt.ls.core.product -Djava.import.generatesMetadataFilesAtProjectRoot=false -DDetectVMInstallationsJob.disabled=true -Dfile.encoding=utf8 -XX:+UseParallelGC -XX:GCTimeRatio=4 -XX:AdaptiveSizePolicyWeight=90 -Dsun.zip.disableMemoryMapping=true -Xmx1G -Xms100m -Xlog:disable -javaagent:c:\Users\KAMIL\.vscode\extensions\redhat.java-1.38.0-win32-x64\lombok\lombok-1.18.34.jar -XX:+HeapDumpOnOutOfMemoryError -XX:HeapDumpPath=c:\Users\KAMIL\AppData\Roaming\Code\User\workspaceStorage\32f65c5b94713481a596c80e9b21fd46\redhat.java -Daether.dependencyCollector.impl=bf c:\Users\KAMIL\.vscode\extensions\redhat.java-1.38.0-win32-x64\server\plugins\org.eclipse.equinox.launcher_1.6.900.v20240613-2009.jar -configuration c:\Users\KAMIL\AppData\Roaming\Code\User\globalStorage\redhat.java\1.38.0\config_win -data c:\Users\KAMIL\AppData\Roaming\Code\User\workspaceStorage\32f65c5b94713481a596c80e9b21fd46\redhat.java\jdt_ws --pipe=\\.\pipe\lsp-c487469417b77982c59ffc88ac60f37d-sock

Host: Intel(R) Core(TM) i5-1035G1 CPU @ 1.00GHz, 8 cores, 3G,  Windows 11 , 64 bit Build 22621 (10.0.22621.4391)
Time: Mon Dec 23 23:14:23 2024 SE Asia Standard Time elapsed time: 1.262995 seconds (0d 0h 0m 1s)

---------------  T H R E A D  ---------------

Current thread (0x0000028158d6a380):  JavaThread "C2 CompilerThread0" daemon [_thread_in_native, id=24924, stack(0x0000008f0d800000,0x0000008f0d900000)]


Current CompileTask:
C2:   1263  542       4       lombok.patcher.PatchScript::classMatches (41 bytes)

Stack: [0x0000008f0d800000,0x0000008f0d900000]
Native frames: (J=compiled Java code, j=interpreted, Vv=VM code, C=native code)
V  [jvm.dll+0x682a19]
V  [jvm.dll+0x839538]
V  [jvm.dll+0x83afe3]
V  [jvm.dll+0x83b653]
V  [jvm.dll+0x24704f]
V  [jvm.dll+0xace34]
V  [jvm.dll+0xad4cc]
V  [jvm.dll+0xacf44]
V  [jvm.dll+0x6d913c]
V  [jvm.dll+0x592807]
V  [jvm.dll+0x759c5f]
V  [jvm.dll+0x758d0c]
V  [jvm.dll+0x59cca6]
V  [jvm.dll+0x589267]
V  [jvm.dll+0x220ea2]
V  [jvm.dll+0x22129f]
V  [jvm.dll+0x21a2b0]
V  [jvm.dll+0x21738b]
V  [jvm.dll+0x1a3070]
V  [jvm.dll+0x22788c]
V  [jvm.dll+0x2259eb]
V  [jvm.dll+0x7eec98]
V  [jvm.dll+0x7e8ffc]
V  [jvm.dll+0x6818f7]
C  [ucrtbase.dll+0x29333]
C  [KERNEL32.DLL+0x1259d]
C  [ntdll.dll+0x5af38]


---------------  P R O C E S S  ---------------

Threads class SMR info:
_java_thread_list=0x00000281590b8da0, length=13, elements={
0x000002813de158a0, 0x0000028158d45020, 0x0000028158d46bf0, 0x0000028153be3840,
0x0000028153be5410, 0x0000028158d68200, 0x0000028158d66dc0, 0x0000028158d6a380,
0x0000028158d79730, 0x0000028158d7a040, 0x0000028158d68710, 0x0000028158f16a30,
0x0000028158d677e0
}

Java Threads: ( => current thread )
  0x000002813de158a0 JavaThread "main" [_thread_in_Java, id=25584, stack(0x0000008f0cf00000,0x0000008f0d000000)]
  0x0000028158d45020 JavaThread "Reference Handler" daemon [_thread_blocked, id=10960, stack(0x0000008f0d200000,0x0000008f0d300000)]
  0x0000028158d46bf0 JavaThread "Finalizer" daemon [_thread_blocked, id=3668, stack(0x0000008f0d300000,0x0000008f0d400000)]
  0x0000028153be3840 JavaThread "Signal Dispatcher" daemon [_thread_blocked, id=22504, stack(0x0000008f0d400000,0x0000008f0d500000)]
  0x0000028153be5410 JavaThread "Attach Listener" daemon [_thread_blocked, id=17320, stack(0x0000008f0d500000,0x0000008f0d600000)]
  0x0000028158d68200 JavaThread "Service Thread" daemon [_thread_blocked, id=2664, stack(0x0000008f0d600000,0x0000008f0d700000)]
  0x0000028158d66dc0 JavaThread "Monitor Deflation Thread" daemon [_thread_blocked, id=13716, stack(0x0000008f0d700000,0x0000008f0d800000)]
=>0x0000028158d6a380 JavaThread "C2 CompilerThread0" daemon [_thread_in_native, id=24924, stack(0x0000008f0d800000,0x0000008f0d900000)]
  0x0000028158d79730 JavaThread "C1 CompilerThread0" daemon [_thread_blocked, id=4964, stack(0x0000008f0d900000,0x0000008f0da00000)]
  0x0000028158d7a040 JavaThread "Sweeper thread" daemon [_thread_blocked, id=14148, stack(0x0000008f0da00000,0x0000008f0db00000)]
  0x0000028158d68710 JavaThread "Common-Cleaner" daemon [_thread_blocked, id=18628, stack(0x0000008f0db00000,0x0000008f0dc00000)]
  0x0000028158f16a30 JavaThread "C2 CompilerThread1" daemon [_thread_blocked, id=21516, stack(0x0000008f0dc00000,0x0000008f0dd00000)]
  0x0000028158d677e0 JavaThread "Notification Thread" daemon [_thread_blocked, id=13856, stack(0x0000008f0dd00000,0x0000008f0de00000)]

Other Threads:
  0x0000028158d314b0 VMThread "VM Thread" [stack: 0x0000008f0d100000,0x0000008f0d200000] [id=10136]
  0x0000028159f81af0 WatcherThread [stack: 0x0000008f0de00000,0x0000008f0df00000] [id=22756]
  0x000002813de2c790 GCTaskThread "GC Thread#0" [stack: 0x0000008f0d000000,0x0000008f0d100000] [id=22304]

Threads with active compile tasks:
C2 CompilerThread0     1305  542       4       lombok.patcher.PatchScript::classMatches (41 bytes)

VM state: not at safepoint (normal execution)

VM Mutex/Monitor currently owned by a thread: None

Heap address: 0x00000000c0000000, size: 1024 MB, Compressed Oops mode: 32-bit

CDS archive(s) not mapped
Compressed class space mapped at: 0x0000000100000000-0x0000000140000000, reserved size: 1073741824
Narrow klass base: 0x0000000000000000, Narrow klass shift: 3, Narrow klass range: 0x140000000

GC Precious Log:
 CPUs: 8 total, 8 available
 Memory: 3836M
 Large Page Support: Disabled
 NUMA Support: Disabled
 Compressed Oops: Enabled (32-bit)
 Alignments: Space 512K, Generation 512K, Heap 2M
 Heap Min Capacity: 100M
 Heap Initial Capacity: 100M
 Heap Max Capacity: 1G
 Pre-touch: Disabled
 Parallel Workers: 8

Heap:
 PSYoungGen      total 29696K, used 12510K [0x00000000eab00000, 0x00000000ecc00000, 0x0000000100000000)
  eden space 25600K, 48% used [0x00000000eab00000,0x00000000eb737b38,0x00000000ec400000)
  from space 4096K, 0% used [0x00000000ec800000,0x00000000ec800000,0x00000000ecc00000)
  to   space 4096K, 0% used [0x00000000ec400000,0x00000000ec400000,0x00000000ec800000)
 ParOldGen       total 68608K, used 0K [0x00000000c0000000, 0x00000000c4300000, 0x00000000eab00000)
  object space 68608K, 0% used [0x00000000c0000000,0x00000000c0000000,0x00000000c4300000)
 Metaspace       used 8489K, committed 8576K, reserved 1114112K
  class space    used 836K, committed 896K, reserved 1048576K

Card table byte_map: [0x0000028151460000,0x0000028151670000] _byte_map_base: 0x0000028150e60000

Marking Bits: (ParMarkBitMap*) 0x00007ffa85536940
 Begin Bits: [0x00000281517d0000, 0x00000281527d0000)
 End Bits:   [0x00000281527d0000, 0x00000281537d0000)

Polling page: 0x000002813dec0000

Metaspace:

Usage:
  Non-class:      7.47 MB used.
      Class:    836.45 KB used.
       Both:      8.29 MB used.

Virtual space:
  Non-class space:       64.00 MB reserved,       7.50 MB ( 12%) committed,  1 nodes.
      Class space:        1.00 GB reserved,     896.00 KB ( <1%) committed,  1 nodes.
             Both:        1.06 GB reserved,       8.38 MB ( <1%) committed. 

Chunk freelists:
   Non-Class:  8.00 MB
       Class:  15.09 MB
        Both:  23.09 MB

MaxMetaspaceSize: unlimited
CompressedClassSpaceSize: 1.00 GB
Initial GC threshold: 21.00 MB
Current GC threshold: 21.00 MB
CDS: off
MetaspaceReclaimPolicy: balanced
 - commit_granule_bytes: 65536.
 - commit_granule_words: 8192.
 - virtual_space_node_default_size: 8388608.
 - enlarge_chunks_in_place: 1.
 - new_chunks_are_fully_committed: 0.
 - uncommit_free_chunks: 1.
 - use_allocation_guard: 0.
 - handle_deallocations: 1.


Internal statistics:

num_allocs_failed_limit: 0.
num_arena_births: 10.
num_arena_deaths: 0.
num_vsnodes_births: 2.
num_vsnodes_deaths: 0.
num_space_committed: 134.
num_space_uncommitted: 0.
num_chunks_returned_to_freelist: 0.
num_chunks_taken_from_freelist: 41.
num_chunk_merges: 0.
num_chunk_splits: 23.
num_chunks_enlarged: 22.
num_inconsistent_stats: 0.

CodeHeap 'non-profiled nmethods': size=120000Kb used=207Kb max_used=207Kb free=119792Kb
 bounds [0x0000028149d40000, 0x0000028149fb0000, 0x0000028151270000]
CodeHeap 'profiled nmethods': size=120000Kb used=753Kb max_used=753Kb free=119246Kb
 bounds [0x0000028142270000, 0x00000281424e0000, 0x00000281497a0000]
CodeHeap 'non-nmethods': size=5760Kb used=1141Kb max_used=1159Kb free=4618Kb
 bounds [0x00000281497a0000, 0x0000028149a10000, 0x0000028149d40000]
 total_blobs=967 nmethods=551 adapters=331
 compilation: enabled
              stopped_count=0, restarted_count=0
 full_count=0

Compilation events (20 events):
Event: 1.209 Thread 0x0000028158d79730  540       3       java.lang.Enum::equals (11 bytes)
Event: 1.209 Thread 0x0000028158d79730 nmethod 540 0x0000028142329b10 code [0x0000028142329ca0, 0x0000028142329df8]
Event: 1.215 Thread 0x0000028158d6a380 nmethod 532 0x0000028149d6fc10 code [0x0000028149d6fd80, 0x0000028149d70038]
Event: 1.215 Thread 0x0000028158d6a380  525       4       java.lang.CharacterData::of (136 bytes)
Event: 1.216 Thread 0x0000028158d6a380 nmethod 525 0x0000028149d70190 code [0x0000028149d70300, 0x0000028149d70378]
Event: 1.216 Thread 0x0000028158d6a380  526       4       java.lang.CharacterDataLatin1::digit (32 bytes)
Event: 1.218 Thread 0x0000028158d6a380 nmethod 526 0x0000028149d70490 code [0x0000028149d70620, 0x0000028149d70718]
Event: 1.218 Thread 0x0000028158d6a380  531       4       java.lang.Character::digit (6 bytes)
Event: 1.220 Thread 0x0000028158d6a380 nmethod 531 0x0000028149d70810 code [0x0000028149d709a0, 0x0000028149d70a98]
Event: 1.220 Thread 0x0000028158d6a380  542       4       lombok.patcher.PatchScript::classMatches (41 bytes)
Event: 1.240 Thread 0x0000028158d79730  543       3       sun.security.util.DerInputStream::available (10 bytes)
Event: 1.240 Thread 0x0000028158d79730 nmethod 543 0x0000028142329e90 code [0x000002814232a020, 0x000002814232a138]
Event: 1.242 Thread 0x0000028158d79730  544       3       java.lang.Byte::<init> (10 bytes)
Event: 1.242 Thread 0x0000028158d79730 nmethod 544 0x000002814232a210 code [0x000002814232a3c0, 0x000002814232a598]
Event: 1.243 Thread 0x0000028158d79730  545       3       java.util.jar.Manifest$FastInputStream::readLine (296 bytes)
Event: 1.245 Thread 0x0000028158d79730 nmethod 545 0x000002814232a690 code [0x000002814232a8c0, 0x000002814232b168]
Event: 1.245 Thread 0x0000028158d79730  546       3       java.lang.reflect.Modifier::isPublic (12 bytes)
Event: 1.245 Thread 0x0000028158d79730 nmethod 546 0x000002814232b510 code [0x000002814232b6a0, 0x000002814232b7d8]
Event: 1.253 Thread 0x0000028158d79730  547       3       java.lang.reflect.Modifier::isProtected (12 bytes)
Event: 1.253 Thread 0x0000028158d79730 nmethod 547 0x000002814232b890 code [0x000002814232ba20, 0x000002814232bb58]

GC Heap History (0 events):
No events

Dll operation events (8 events):
Event: 0.044 Loaded shared library c:\Users\KAMIL\.vscode\extensions\redhat.java-1.38.0-win32-x64\jre\17.0.13-win32-x86_64\bin\java.dll
Event: 0.377 Loaded shared library c:\Users\KAMIL\.vscode\extensions\redhat.java-1.38.0-win32-x64\jre\17.0.13-win32-x86_64\bin\zip.dll
Event: 0.387 Loaded shared library C:\Users\KAMIL\.vscode\extensions\redhat.java-1.38.0-win32-x64\jre\17.0.13-win32-x86_64\bin\instrument.dll
Event: 0.437 Loaded shared library C:\Users\KAMIL\.vscode\extensions\redhat.java-1.38.0-win32-x64\jre\17.0.13-win32-x86_64\bin\net.dll
Event: 0.444 Loaded shared library C:\Users\KAMIL\.vscode\extensions\redhat.java-1.38.0-win32-x64\jre\17.0.13-win32-x86_64\bin\nio.dll
Event: 0.473 Loaded shared library C:\Users\KAMIL\.vscode\extensions\redhat.java-1.38.0-win32-x64\jre\17.0.13-win32-x86_64\bin\zip.dll
Event: 0.540 Loaded shared library C:\Users\KAMIL\.vscode\extensions\redhat.java-1.38.0-win32-x64\jre\17.0.13-win32-x86_64\bin\jimage.dll
Event: 0.756 Loaded shared library c:\Users\KAMIL\.vscode\extensions\redhat.java-1.38.0-win32-x64\jre\17.0.13-win32-x86_64\bin\verify.dll

Deoptimization events (20 events):
Event: 1.104 Thread 0x000002813de158a0 Uncommon trap: trap_request=0xffffffde fr.pc=0x0000028149d68fac relative=0x000000000000010c
Event: 1.104 Thread 0x000002813de158a0 Uncommon trap: reason=class_check action=maybe_recompile pc=0x0000028149d68fac method=jdk.internal.misc.Unsafe.allocateUninitializedArray(Ljava/lang/Class;I)Ljava/lang/Object; @ 51 c2
Event: 1.104 Thread 0x000002813de158a0 DEOPT PACKING pc=0x0000028149d68fac sp=0x0000008f0cffb090
Event: 1.104 Thread 0x000002813de158a0 DEOPT UNPACKING pc=0x00000281497f9ea3 sp=0x0000008f0cffb018 mode 2
Event: 1.104 Thread 0x000002813de158a0 Uncommon trap: trap_request=0xffffffde fr.pc=0x0000028149d68fac relative=0x000000000000010c
Event: 1.104 Thread 0x000002813de158a0 Uncommon trap: reason=class_check action=maybe_recompile pc=0x0000028149d68fac method=jdk.internal.misc.Unsafe.allocateUninitializedArray(Ljava/lang/Class;I)Ljava/lang/Object; @ 51 c2
Event: 1.104 Thread 0x000002813de158a0 DEOPT PACKING pc=0x0000028149d68fac sp=0x0000008f0cffb090
Event: 1.104 Thread 0x000002813de158a0 DEOPT UNPACKING pc=0x00000281497f9ea3 sp=0x0000008f0cffb018 mode 2
Event: 1.104 Thread 0x000002813de158a0 Uncommon trap: trap_request=0xffffffde fr.pc=0x0000028149d68fac relative=0x000000000000010c
Event: 1.104 Thread 0x000002813de158a0 Uncommon trap: reason=class_check action=maybe_recompile pc=0x0000028149d68fac method=jdk.internal.misc.Unsafe.allocateUninitializedArray(Ljava/lang/Class;I)Ljava/lang/Object; @ 51 c2
Event: 1.104 Thread 0x000002813de158a0 DEOPT PACKING pc=0x0000028149d68fac sp=0x0000008f0cffb0d0
Event: 1.104 Thread 0x000002813de158a0 DEOPT UNPACKING pc=0x00000281497f9ea3 sp=0x0000008f0cffb058 mode 2
Event: 1.158 Thread 0x000002813de158a0 Uncommon trap: trap_request=0xffffff45 fr.pc=0x0000028149d58240 relative=0x00000000000000c0
Event: 1.158 Thread 0x000002813de158a0 Uncommon trap: reason=unstable_if action=reinterpret pc=0x0000028149d58240 method=java.net.URI.match(CJJ)Z @ 45 c2
Event: 1.158 Thread 0x000002813de158a0 DEOPT PACKING pc=0x0000028149d58240 sp=0x0000008f0cffc6c0
Event: 1.158 Thread 0x000002813de158a0 DEOPT UNPACKING pc=0x00000281497f9ea3 sp=0x0000008f0cffc648 mode 2
Event: 1.181 Thread 0x000002813de158a0 Uncommon trap: trap_request=0xffffff45 fr.pc=0x0000028149d6c07c relative=0x000000000000061c
Event: 1.181 Thread 0x000002813de158a0 Uncommon trap: reason=unstable_if action=reinterpret pc=0x0000028149d6c07c method=java.lang.String.replace(Ljava/lang/CharSequence;Ljava/lang/CharSequence;)Ljava/lang/String; @ 48 c2
Event: 1.181 Thread 0x000002813de158a0 DEOPT PACKING pc=0x0000028149d6c07c sp=0x0000008f0cffc660
Event: 1.181 Thread 0x000002813de158a0 DEOPT UNPACKING pc=0x00000281497f9ea3 sp=0x0000008f0cffc5e0 mode 2

Classes loaded (20 events):
Event: 1.237 Loading class java/util/Collections$SingletonList
Event: 1.238 Loading class java/util/Collections$SingletonList done
Event: 1.238 Loading class java/time/Instant
Event: 1.239 Loading class java/time/Instant done
Event: 1.240 Loading class sun/security/pkcs/PKCS9Attributes
Event: 1.240 Loading class sun/security/pkcs/PKCS9Attributes done
Event: 1.240 Loading class sun/security/pkcs/PKCS9Attribute
Event: 1.241 Loading class sun/security/pkcs/PKCS9Attribute done
Event: 1.242 Loading class java/lang/Byte$ByteCache
Event: 1.242 Loading class java/lang/Byte$ByteCache done
Event: 1.254 Loading class sun/security/pkcs/SigningCertificateInfo
Event: 1.254 Loading class sun/security/pkcs/SigningCertificateInfo done
Event: 1.254 Loading class sun/security/pkcs/ESSCertId
Event: 1.254 Loading class sun/security/pkcs/ESSCertId done
Event: 1.255 Loading class sun/security/pkcs/SignerInfo$AlgorithmInfo
Event: 1.255 Loading class sun/security/pkcs/SignerInfo$AlgorithmInfo done
Event: 1.255 Loading class java/security/MessageDigest
Event: 1.256 Loading class java/security/MessageDigestSpi
Event: 1.257 Loading class java/security/MessageDigestSpi done
Event: 1.257 Loading class java/security/MessageDigest done

Classes unloaded (0 events):
No events

Classes redefined (0 events):
No events

Internal exceptions (2 events):
Event: 0.312 Thread 0x000002813de158a0 Exception <a 'java/lang/NoSuchMethodError'{0x00000000eacb5548}: 'void java.lang.invoke.DirectMethodHandle$Holder.invokeStatic(java.lang.Object, java.lang.Object, java.lang.Object)'> (0x00000000eacb5548) 
thrown [s\src\hotspot\share\interpreter\linkResolver.cpp, line 759]
Event: 0.822 Thread 0x000002813de158a0 Exception <a 'java/lang/reflect/InvocationTargetException'{0x00000000eafe9ce0}> (0x00000000eafe9ce0) 
thrown [s\src\hotspot\share\runtime\reflection.cpp, line 1128]

VM Operations (4 events):
Event: 0.328 Executing VM operation: HandshakeAllThreads
Event: 0.328 Executing VM operation: HandshakeAllThreads done
Event: 0.602 Executing VM operation: HandshakeAllThreads
Event: 0.602 Executing VM operation: HandshakeAllThreads done

Memory protections (0 events):
No events

Nmethod flushes (0 events):
No events

Events (13 events):
Event: 0.094 Thread 0x000002813de158a0 Thread added: 0x000002813de158a0
Event: 0.118 Thread 0x000002813de158a0 Thread added: 0x0000028158d45020
Event: 0.118 Thread 0x000002813de158a0 Thread added: 0x0000028158d46bf0
Event: 0.156 Thread 0x000002813de158a0 Thread added: 0x0000028153be3840
Event: 0.156 Thread 0x000002813de158a0 Thread added: 0x0000028153be5410
Event: 0.156 Thread 0x000002813de158a0 Thread added: 0x0000028158d68200
Event: 0.156 Thread 0x000002813de158a0 Thread added: 0x0000028158d66dc0
Event: 0.156 Thread 0x000002813de158a0 Thread added: 0x0000028158d6a380
Event: 0.157 Thread 0x000002813de158a0 Thread added: 0x0000028158d79730
Event: 0.157 Thread 0x000002813de158a0 Thread added: 0x0000028158d7a040
Event: 0.274 Thread 0x000002813de158a0 Thread added: 0x0000028158d68710
Event: 0.345 Thread 0x0000028158d6a380 Thread added: 0x0000028158f16a30
Event: 0.963 Thread 0x000002813de158a0 Thread added: 0x0000028158d677e0


Dynamic libraries:
0x00007ff612e20000 - 0x00007ff612e2e000 	c:\Users\KAMIL\.vscode\extensions\redhat.java-1.38.0-win32-x64\jre\17.0.13-win32-x86_64\bin\java.exe
0x00007ffb0bc50000 - 0x00007ffb0be67000 	C:\WINDOWS\SYSTEM32\ntdll.dll
0x00007ffb09fb0000 - 0x00007ffb0a074000 	C:\WINDOWS\System32\KERNEL32.DLL
0x00007ffb09180000 - 0x00007ffb0953a000 	C:\WINDOWS\System32\KERNELBASE.dll
0x00007ffb09540000 - 0x00007ffb09651000 	C:\WINDOWS\System32\ucrtbase.dll
0x00007ffade890000 - 0x00007ffade8ae000 	c:\Users\KAMIL\.vscode\extensions\redhat.java-1.38.0-win32-x64\jre\17.0.13-win32-x86_64\bin\VCRUNTIME140.dll
0x00007ffad9270000 - 0x00007ffad9287000 	c:\Users\KAMIL\.vscode\extensions\redhat.java-1.38.0-win32-x64\jre\17.0.13-win32-x86_64\bin\jli.dll
0x00007ffb0a1f0000 - 0x00007ffb0a39e000 	C:\WINDOWS\System32\USER32.dll
0x00007ffb09850000 - 0x00007ffb09876000 	C:\WINDOWS\System32\win32u.dll
0x00007ffaf4b40000 - 0x00007ffaf4dd2000 	C:\WINDOWS\WinSxS\amd64_microsoft.windows.common-controls_6595b64144ccf1df_6.0.22621.4541_none_2710d1c57384c085\COMCTL32.dll
0x00007ffb09ef0000 - 0x00007ffb09f19000 	C:\WINDOWS\System32\GDI32.dll
0x00007ffb08f20000 - 0x00007ffb0903b000 	C:\WINDOWS\System32\gdi32full.dll
0x00007ffb0a5a0000 - 0x00007ffb0a647000 	C:\WINDOWS\System32\msvcrt.dll
0x00007ffb098b0000 - 0x00007ffb0994a000 	C:\WINDOWS\System32\msvcp_win.dll
0x00007ffb09cc0000 - 0x00007ffb09cf1000 	C:\WINDOWS\System32\IMM32.DLL
0x00007ffaf3ef0000 - 0x00007ffaf3efc000 	c:\Users\KAMIL\.vscode\extensions\redhat.java-1.38.0-win32-x64\jre\17.0.13-win32-x86_64\bin\vcruntime140_1.dll
0x00007ffa8da90000 - 0x00007ffa8db1d000 	c:\Users\KAMIL\.vscode\extensions\redhat.java-1.38.0-win32-x64\jre\17.0.13-win32-x86_64\bin\msvcp140.dll
0x00007ffa84990000 - 0x00007ffa855fb000 	c:\Users\KAMIL\.vscode\extensions\redhat.java-1.38.0-win32-x64\jre\17.0.13-win32-x86_64\bin\server\jvm.dll
0x00007ffb0a650000 - 0x00007ffb0a702000 	C:\WINDOWS\System32\ADVAPI32.dll
0x00007ffb0b9b0000 - 0x00007ffb0ba57000 	C:\WINDOWS\System32\sechost.dll
0x00007ffb09880000 - 0x00007ffb098a8000 	C:\WINDOWS\System32\bcrypt.dll
0x00007ffb0bad0000 - 0x00007ffb0bbe4000 	C:\WINDOWS\System32\RPCRT4.dll
0x00007ffb0a520000 - 0x00007ffb0a591000 	C:\WINDOWS\System32\WS2_32.dll
0x00007ffb08df0000 - 0x00007ffb08e3d000 	C:\WINDOWS\SYSTEM32\POWRPROF.dll
0x00007ffb04560000 - 0x00007ffb04594000 	C:\WINDOWS\SYSTEM32\WINMM.dll
0x00007ffb047d0000 - 0x00007ffb047da000 	C:\WINDOWS\SYSTEM32\VERSION.dll
0x00007ffb08dd0000 - 0x00007ffb08de3000 	C:\WINDOWS\SYSTEM32\UMPDC.dll
0x00007ffb07ec0000 - 0x00007ffb07ed8000 	C:\WINDOWS\SYSTEM32\kernel.appcore.dll
0x00007ffaf32a0000 - 0x00007ffaf32aa000 	c:\Users\KAMIL\.vscode\extensions\redhat.java-1.38.0-win32-x64\jre\17.0.13-win32-x86_64\bin\jimage.dll
0x00007ffb06730000 - 0x00007ffb06962000 	C:\WINDOWS\SYSTEM32\DBGHELP.DLL
0x00007ffb0a710000 - 0x00007ffb0aa9f000 	C:\WINDOWS\System32\combase.dll
0x00007ffb0af20000 - 0x00007ffb0aff7000 	C:\WINDOWS\System32\OLEAUT32.dll
0x00007ffae83d0000 - 0x00007ffae8402000 	C:\WINDOWS\SYSTEM32\dbgcore.DLL
0x00007ffb09660000 - 0x00007ffb096db000 	C:\WINDOWS\System32\bcryptPrimitives.dll
0x00007ffaf2f90000 - 0x00007ffaf2f9e000 	c:\Users\KAMIL\.vscode\extensions\redhat.java-1.38.0-win32-x64\jre\17.0.13-win32-x86_64\bin\instrument.dll
0x00007ffacbd30000 - 0x00007ffacbd55000 	c:\Users\KAMIL\.vscode\extensions\redhat.java-1.38.0-win32-x64\jre\17.0.13-win32-x86_64\bin\java.dll
0x00007ffad5f40000 - 0x00007ffad5f58000 	c:\Users\KAMIL\.vscode\extensions\redhat.java-1.38.0-win32-x64\jre\17.0.13-win32-x86_64\bin\zip.dll
0x00007ffb0b000000 - 0x00007ffb0b878000 	C:\WINDOWS\System32\SHELL32.dll
0x00007ffb06e10000 - 0x00007ffb07718000 	C:\WINDOWS\SYSTEM32\windows.storage.dll
0x00007ffb06cd0000 - 0x00007ffb06e0f000 	C:\WINDOWS\SYSTEM32\wintypes.dll
0x00007ffb0a420000 - 0x00007ffb0a51a000 	C:\WINDOWS\System32\SHCORE.dll
0x00007ffb0b950000 - 0x00007ffb0b9ae000 	C:\WINDOWS\System32\shlwapi.dll
0x00007ffb08e50000 - 0x00007ffb08e7b000 	C:\WINDOWS\SYSTEM32\profapi.dll
0x00007ffad3fa0000 - 0x00007ffad3fb9000 	C:\Users\KAMIL\.vscode\extensions\redhat.java-1.38.0-win32-x64\jre\17.0.13-win32-x86_64\bin\net.dll
0x00007ffb047e0000 - 0x00007ffb04916000 	C:\WINDOWS\SYSTEM32\WINHTTP.dll
0x00007ffb083a0000 - 0x00007ffb08409000 	C:\WINDOWS\system32\mswsock.dll
0x00007ffad3490000 - 0x00007ffad34a6000 	C:\Users\KAMIL\.vscode\extensions\redhat.java-1.38.0-win32-x64\jre\17.0.13-win32-x86_64\bin\nio.dll
0x00007ffaf2e50000 - 0x00007ffaf2e60000 	c:\Users\KAMIL\.vscode\extensions\redhat.java-1.38.0-win32-x64\jre\17.0.13-win32-x86_64\bin\verify.dll

dbghelp: loaded successfully - version: 4.0.5 - missing functions: none
symbol engine: initialized successfully - sym options: 0x614 - pdb path: .;c:\Users\KAMIL\.vscode\extensions\redhat.java-1.38.0-win32-x64\jre\17.0.13-win32-x86_64\bin;C:\WINDOWS\SYSTEM32;C:\WINDOWS\WinSxS\amd64_microsoft.windows.common-controls_6595b64144ccf1df_6.0.22621.4541_none_2710d1c57384c085;c:\Users\KAMIL\.vscode\extensions\redhat.java-1.38.0-win32-x64\jre\17.0.13-win32-x86_64\bin\server

VM Arguments:
jvm_args: --add-modules=ALL-SYSTEM --add-opens=java.base/java.util=ALL-UNNAMED --add-opens=java.base/java.lang=ALL-UNNAMED --add-opens=java.base/sun.nio.fs=ALL-UNNAMED -Declipse.application=org.eclipse.jdt.ls.core.id1 -Dosgi.bundles.defaultStartLevel=4 -Declipse.product=org.eclipse.jdt.ls.core.product -Djava.import.generatesMetadataFilesAtProjectRoot=false -DDetectVMInstallationsJob.disabled=true -Dfile.encoding=utf8 -XX:+UseParallelGC -XX:GCTimeRatio=4 -XX:AdaptiveSizePolicyWeight=90 -Dsun.zip.disableMemoryMapping=true -Xmx1G -Xms100m -Xlog:disable -javaagent:c:\Users\KAMIL\.vscode\extensions\redhat.java-1.38.0-win32-x64\lombok\lombok-1.18.34.jar -XX:+HeapDumpOnOutOfMemoryError -XX:HeapDumpPath=c:\Users\KAMIL\AppData\Roaming\Code\User\workspaceStorage\32f65c5b94713481a596c80e9b21fd46\redhat.java -Daether.dependencyCollector.impl=bf 
java_command: c:\Users\KAMIL\.vscode\extensions\redhat.java-1.38.0-win32-x64\server\plugins\org.eclipse.equinox.launcher_1.6.900.v20240613-2009.jar -configuration c:\Users\KAMIL\AppData\Roaming\Code\User\globalStorage\redhat.java\1.38.0\config_win -data c:\Users\KAMIL\AppData\Roaming\Code\User\workspaceStorage\32f65c5b94713481a596c80e9b21fd46\redhat.java\jdt_ws --pipe=\\.\pipe\lsp-c487469417b77982c59ffc88ac60f37d-sock
java_class_path (initial): c:\Users\KAMIL\.vscode\extensions\redhat.java-1.38.0-win32-x64\server\plugins\org.eclipse.equinox.launcher_1.6.900.v20240613-2009.jar
Launcher Type: SUN_STANDARD

[Global flags]
    uintx AdaptiveSizePolicyWeight                 = 90                                        {product} {command line}
     intx CICompilerCount                          = 4                                         {product} {ergonomic}
    uintx GCTimeRatio                              = 4                                         {product} {command line}
     bool HeapDumpOnOutOfMemoryError               = true                                   {manageable} {command line}
    ccstr HeapDumpPath                             = c:\Users\KAMIL\AppData\Roaming\Code\User\workspaceStorage\32f65c5b94713481a596c80e9b21fd46\redhat.java         {manageable} {command line}
   size_t InitialHeapSize                          = 104857600                                 {product} {command line}
   size_t MaxHeapSize                              = 1073741824                                {product} {command line}
   size_t MaxNewSize                               = 357564416                                 {product} {ergonomic}
   size_t MinHeapDeltaBytes                        = 524288                                    {product} {ergonomic}
   size_t MinHeapSize                              = 104857600                                 {product} {command line}
   size_t NewSize                                  = 34603008                                  {product} {ergonomic}
    uintx NonNMethodCodeHeapSize                   = 5839372                                {pd product} {ergonomic}
    uintx NonProfiledCodeHeapSize                  = 122909434                              {pd product} {ergonomic}
   size_t OldSize                                  = 70254592                                  {product} {ergonomic}
    uintx ProfiledCodeHeapSize                     = 122909434                              {pd product} {ergonomic}
    uintx ReservedCodeCacheSize                    = 251658240                              {pd product} {ergonomic}
     bool SegmentedCodeCache                       = true                                      {product} {ergonomic}
   size_t SoftMaxHeapSize                          = 1073741824                             {manageable} {ergonomic}
     bool UseCompressedClassPointers               = true                           {product lp64_product} {ergonomic}
     bool UseCompressedOops                        = true                           {product lp64_product} {ergonomic}
     bool UseLargePagesIndividualAllocation        = false                                  {pd product} {ergonomic}
     bool UseParallelGC                            = true                                      {product} {command line}

Logging:
Log output configuration:
 #0: stdout all=off uptime,level,tags
 #1: stderr all=off uptime,level,tags

Environment Variables:
PATH=C:\Users\KAMIL\bin;C:\Program Files\Git\mingw64\bin;C:\Program Files\Git\usr\local\bin;C:\Program Files\Git\usr\bin;C:\Program Files\Git\usr\bin;C:\Program Files\Git\mingw64\bin;C:\Program Files\Git\usr\bin;C:\Users\KAMIL\bin;C:\Program Files\Common Files\Oracle\Java\javapath;C:\Users\KAMIL\AppData\Local\Programs\cursor\resources\app\bin;C:\Program Files (x86)\Common Files\Intel\Shared Files\cpp\bin\Intel64;C:\WINDOWS\system32;C:\WINDOWS;C:\WINDOWS\System32\Wbem;C:\WINDOWS\System32\WindowsPowerShell\v1.0;C:\WINDOWS\System32\OpenSSH;C:\Program Files\Docker\Docker\resources\bin;C:\Program Files\Git\cmd;C:\Program Files (x86)\Microsoft SQL Server\160\DTS\Binn;C:\Program Files\Azure Data Studio\bin;C:\Program Files (x86)\Microsoft SQL Server\160\Tools\Binn;C:\Program Files\Microsoft SQL Server\160\Tools\Binn;C:\Program Files\Microsoft SQL Server\Client SDK\ODBC\170\Tools\Binn;C:\Program Files\Microsoft SQL Server\160\DTS\Binn;C:\Program Files (x86)\Microsoft SQL Server\150\Tools\Binn;C:\Program Files\Microsoft SQL Server\150\Tools\Binn;C:\Program Files\Microsoft SQL Server\150\DTS\Binn;C:\Users\KAMIL\AppData\Local\Programs\Python\Python311\Scripts;C:\Users\KAMIL\AppData\Local\Programs\Python\Python311;C:\Users\KAMIL\AppData\Local\Microsoft\WindowsApps;C:\Program Files\Azu;C:\Program Files\nodejs;C:\laragon\bin\php\php-8.2.25-nts-Win32-vs16-x64;C:\ProgramData\ComposerSetup\bin;C:\Users\KAMIL\AppData\Local\Programs\Python\Python311\Scripts;C:\Users\KAMIL\AppData\Local\Programs\Python\Python311;C:\Users\KAMIL\AppData\Local\Microsoft\WindowsApps;C:\Users\KAMIL\AppData\Local\Programs\Microsoft VS Code\bin;C:\Program Files\Azure Data Studio\bin;C:\Users\KAMIL\AppData\Local\spicetify;C:\Users\KAMIL\AppData\Roaming\npm;C:\Users\KAMIL\AppData\Roaming\Composer\vendor\bin;C:\Program Files\Git\usr\bin\vendor_perl;C:\Program Files\Git\usr\bin\core_perl
USERNAME=KAMIL
SHELL=C:\Program Files\Git\usr\bin\bash.exe
DISPLAY=needs-to-be-defined
LC_CTYPE=en_US.UTF-8
TERM=xterm
TMPDIR=C:\Users\KAMIL\AppData\Local\Temp
OS=Windows_NT
PROCESSOR_IDENTIFIER=Intel64 Family 6 Model 126 Stepping 5, GenuineIntel
TMP=C:\Users\KAMIL\AppData\Local\Temp
TEMP=C:\Users\KAMIL\AppData\Local\Temp



Periodic native trim disabled


---------------  S Y S T E M  ---------------

OS:
 Windows 11 , 64 bit Build 22621 (10.0.22621.4391)
OS uptime: 11 days 8:26 hours
Hyper-V role detected

CPU: total 8 (initial active 8) (4 cores per cpu, 2 threads per core) family 6 model 126 stepping 5 microcode 0xa6, cx8, cmov, fxsr, ht, mmx, 3dnowpref, sse, sse2, sse3, ssse3, sse4.1, sse4.2, popcnt, lzcnt, tsc, tscinvbit, avx, avx2, aes, erms, clmul, bmi1, bmi2, adx, avx512f, avx512dq, avx512cd, avx512bw, avx512vl, sha, fma, vzeroupper, avx512_vpopcntdq, avx512_vpclmulqdq, avx512_vaes, avx512_vnni, clflush, clflushopt, avx512_vbmi2, avx512_vbmi, hv
Processor Information for all 8 processors :
  Max Mhz: 1201, Current Mhz: 1201, Mhz Limit: 1201

Memory: 4k page, system-wide physical 3836M (558M free)
TotalPageFile size 15612M (AvailPageFile size 5M)
current process WorkingSet (physical memory assigned to process): 53M, peak: 53M
current process commit charge ("private bytes"): 194M, peak: 195M

vm_info: OpenJDK 64-Bit Server VM (17.0.13+11) for windows-amd64 JRE (17.0.13+11), built on Oct 16 2024 00:10:08 by "admin" with MS VC++ 17.7 (VS2022)

END.
